[0.114s] DEBUG:colcon:Command line arguments: ['/usr/bin/colcon', 'build']
[0.114s] DEBUG:colcon:Parsed command line arguments: Namespace(log_base=None, log_level=None, verb_name='build', build_base='build', install_base='install', merge_install=False, symlink_install=False, test_result_base=None, continue_on_error=False, executor='parallel', parallel_workers=8, event_handlers=None, ignore_user_meta=False, metas=['./colcon.meta'], base_paths=['.'], packages_ignore=None, packages_ignore_regex=None, paths=None, packages_up_to=None, packages_up_to_regex=None, packages_above=None, packages_above_and_dependencies=None, packages_above_depth=None, packages_select_by_dep=None, packages_skip_by_dep=None, packages_skip_up_to=None, packages_select_build_failed=False, packages_skip_build_finished=False, packages_select_test_failures=False, packages_skip_test_passed=False, packages_select=None, packages_skip=None, packages_select_regex=None, packages_skip_regex=None, packages_start=None, packages_end=None, allow_overriding=[], cmake_args=None, cmake_target=None, cmake_target_skip_unavailable=False, cmake_clean_cache=False, cmake_clean_first=False, cmake_force_configure=False, ament_cmake_args=None, catkin_cmake_args=None, catkin_skip_building_tests=False, verb_parser=<colcon_defaults.argument_parser.defaults.DefaultArgumentsDecorator object at 0x776898733070>, verb_extension=<colcon_core.verb.build.BuildVerb object at 0x776898732bf0>, main=<bound method BuildVerb.main of <colcon_core.verb.build.BuildVerb object at 0x776898732bf0>>)
[0.223s] Level 1:colcon.colcon_core.package_discovery:discover_packages(colcon_meta) check parameters
[0.224s] Level 1:colcon.colcon_core.package_discovery:discover_packages(recursive) check parameters
[0.224s] Level 1:colcon.colcon_core.package_discovery:discover_packages(ignore) check parameters
[0.224s] Level 1:colcon.colcon_core.package_discovery:discover_packages(path) check parameters
[0.224s] Level 1:colcon.colcon_core.package_discovery:discover_packages(colcon_meta) discover
[0.224s] Level 1:colcon.colcon_core.package_discovery:discover_packages(recursive) discover
[0.224s] INFO:colcon.colcon_core.package_discovery:Crawling recursively for packages in '/home/lizi/chapt4/chapt4_ws'
[0.224s] Level 1:colcon.colcon_core.package_identification:_identify(.) by extensions ['ignore', 'ignore_ament_install']
[0.224s] Level 1:colcon.colcon_core.package_identification:_identify(.) by extension 'ignore'
[0.224s] Level 1:colcon.colcon_core.package_identification:_identify(.) by extension 'ignore_ament_install'
[0.224s] Level 1:colcon.colcon_core.package_identification:_identify(.) by extensions ['colcon_pkg']
[0.224s] Level 1:colcon.colcon_core.package_identification:_identify(.) by extension 'colcon_pkg'
[0.224s] Level 1:colcon.colcon_core.package_identification:_identify(.) by extensions ['colcon_meta']
[0.224s] Level 1:colcon.colcon_core.package_identification:_identify(.) by extension 'colcon_meta'
[0.224s] Level 1:colcon.colcon_core.package_identification:_identify(.) by extensions ['ros']
[0.224s] Level 1:colcon.colcon_core.package_identification:_identify(.) by extension 'ros'
[0.235s] Level 1:colcon.colcon_core.package_identification:_identify(.) by extensions ['cmake', 'python']
[0.235s] Level 1:colcon.colcon_core.package_identification:_identify(.) by extension 'cmake'
[0.235s] Level 1:colcon.colcon_core.package_identification:_identify(.) by extension 'python'
[0.235s] Level 1:colcon.colcon_core.package_identification:_identify(.) by extensions ['python_setup_py']
[0.235s] Level 1:colcon.colcon_core.package_identification:_identify(.) by extension 'python_setup_py'
[0.235s] Level 1:colcon.colcon_core.package_identification:_identify(build) by extensions ['ignore', 'ignore_ament_install']
[0.235s] Level 1:colcon.colcon_core.package_identification:_identify(build) by extension 'ignore'
[0.235s] Level 1:colcon.colcon_core.package_identification:_identify(build) ignored
[0.235s] Level 1:colcon.colcon_core.package_identification:_identify(install) by extensions ['ignore', 'ignore_ament_install']
[0.236s] Level 1:colcon.colcon_core.package_identification:_identify(install) by extension 'ignore'
[0.236s] Level 1:colcon.colcon_core.package_identification:_identify(install) ignored
[0.236s] Level 1:colcon.colcon_core.package_identification:_identify(log) by extensions ['ignore', 'ignore_ament_install']
[0.236s] Level 1:colcon.colcon_core.package_identification:_identify(log) by extension 'ignore'
[0.236s] Level 1:colcon.colcon_core.package_identification:_identify(log) ignored
[0.236s] Level 1:colcon.colcon_core.package_identification:_identify(src) by extensions ['ignore', 'ignore_ament_install']
[0.236s] Level 1:colcon.colcon_core.package_identification:_identify(src) by extension 'ignore'
[0.236s] Level 1:colcon.colcon_core.package_identification:_identify(src) by extension 'ignore_ament_install'
[0.236s] Level 1:colcon.colcon_core.package_identification:_identify(src) by extensions ['colcon_pkg']
[0.236s] Level 1:colcon.colcon_core.package_identification:_identify(src) by extension 'colcon_pkg'
[0.236s] Level 1:colcon.colcon_core.package_identification:_identify(src) by extensions ['colcon_meta']
[0.236s] Level 1:colcon.colcon_core.package_identification:_identify(src) by extension 'colcon_meta'
[0.236s] Level 1:colcon.colcon_core.package_identification:_identify(src) by extensions ['ros']
[0.236s] Level 1:colcon.colcon_core.package_identification:_identify(src) by extension 'ros'
[0.236s] Level 1:colcon.colcon_core.package_identification:_identify(src) by extensions ['cmake', 'python']
[0.236s] Level 1:colcon.colcon_core.package_identification:_identify(src) by extension 'cmake'
[0.236s] Level 1:colcon.colcon_core.package_identification:_identify(src) by extension 'python'
[0.236s] Level 1:colcon.colcon_core.package_identification:_identify(src) by extensions ['python_setup_py']
[0.236s] Level 1:colcon.colcon_core.package_identification:_identify(src) by extension 'python_setup_py'
[0.236s] Level 1:colcon.colcon_core.package_identification:_identify(src/chapt4_interfaces) by extensions ['ignore', 'ignore_ament_install']
[0.236s] Level 1:colcon.colcon_core.package_identification:_identify(src/chapt4_interfaces) by extension 'ignore'
[0.236s] Level 1:colcon.colcon_core.package_identification:_identify(src/chapt4_interfaces) by extension 'ignore_ament_install'
[0.236s] Level 1:colcon.colcon_core.package_identification:_identify(src/chapt4_interfaces) by extensions ['colcon_pkg']
[0.236s] Level 1:colcon.colcon_core.package_identification:_identify(src/chapt4_interfaces) by extension 'colcon_pkg'
[0.236s] Level 1:colcon.colcon_core.package_identification:_identify(src/chapt4_interfaces) by extensions ['colcon_meta']
[0.236s] Level 1:colcon.colcon_core.package_identification:_identify(src/chapt4_interfaces) by extension 'colcon_meta'
[0.237s] Level 1:colcon.colcon_core.package_identification:_identify(src/chapt4_interfaces) by extensions ['ros']
[0.237s] Level 1:colcon.colcon_core.package_identification:_identify(src/chapt4_interfaces) by extension 'ros'
[0.238s] DEBUG:colcon.colcon_core.package_identification:Package 'src/chapt4_interfaces' with type 'ros.ament_cmake' and name 'chapt4_interfaces'
[0.238s] Level 1:colcon.colcon_core.package_discovery:discover_packages(recursive) using defaults
[0.238s] Level 1:colcon.colcon_core.package_discovery:discover_packages(ignore) discover
[0.238s] Level 1:colcon.colcon_core.package_discovery:discover_packages(ignore) using defaults
[0.238s] Level 1:colcon.colcon_core.package_discovery:discover_packages(path) discover
[0.238s] Level 1:colcon.colcon_core.package_discovery:discover_packages(path) using defaults
[0.256s] Level 1:colcon.colcon_core.package_discovery:discover_packages(prefix_path) check parameters
[0.256s] Level 1:colcon.colcon_core.package_discovery:discover_packages(prefix_path) discover
[0.257s] DEBUG:colcon.colcon_installed_package_information.package_discovery:Found 271 installed packages in /opt/ros/humble
[0.259s] Level 1:colcon.colcon_core.package_discovery:discover_packages(prefix_path) using defaults
[0.294s] Level 5:colcon.colcon_core.verb:set package 'chapt4_interfaces' build argument 'cmake_args' from command line to 'None'
[0.294s] Level 5:colcon.colcon_core.verb:set package 'chapt4_interfaces' build argument 'cmake_target' from command line to 'None'
[0.294s] Level 5:colcon.colcon_core.verb:set package 'chapt4_interfaces' build argument 'cmake_target_skip_unavailable' from command line to 'False'
[0.295s] Level 5:colcon.colcon_core.verb:set package 'chapt4_interfaces' build argument 'cmake_clean_cache' from command line to 'False'
[0.295s] Level 5:colcon.colcon_core.verb:set package 'chapt4_interfaces' build argument 'cmake_clean_first' from command line to 'False'
[0.295s] Level 5:colcon.colcon_core.verb:set package 'chapt4_interfaces' build argument 'cmake_force_configure' from command line to 'False'
[0.295s] Level 5:colcon.colcon_core.verb:set package 'chapt4_interfaces' build argument 'ament_cmake_args' from command line to 'None'
[0.295s] Level 5:colcon.colcon_core.verb:set package 'chapt4_interfaces' build argument 'catkin_cmake_args' from command line to 'None'
[0.295s] Level 5:colcon.colcon_core.verb:set package 'chapt4_interfaces' build argument 'catkin_skip_building_tests' from command line to 'False'
[0.295s] DEBUG:colcon.colcon_core.verb:Building package 'chapt4_interfaces' with the following arguments: {'ament_cmake_args': None, 'build_base': '/home/lizi/chapt4/chapt4_ws/build/chapt4_interfaces', 'catkin_cmake_args': None, 'catkin_skip_building_tests': False, 'cmake_args': None, 'cmake_clean_cache': False, 'cmake_clean_first': False, 'cmake_force_configure': False, 'cmake_target': None, 'cmake_target_skip_unavailable': False, 'install_base': '/home/lizi/chapt4/chapt4_ws/install/chapt4_interfaces', 'merge_install': False, 'path': '/home/lizi/chapt4/chapt4_ws/src/chapt4_interfaces', 'symlink_install': False, 'test_result_base': None}
[0.295s] INFO:colcon.colcon_core.executor:Executing jobs using 'parallel' executor
[0.296s] DEBUG:colcon.colcon_parallel_executor.executor.parallel:run_until_complete
[0.296s] INFO:colcon.colcon_ros.task.ament_cmake.build:Building ROS package in '/home/lizi/chapt4/chapt4_ws/src/chapt4_interfaces' with build type 'ament_cmake'
[0.296s] INFO:colcon.colcon_cmake.task.cmake.build:Building CMake package in '/home/lizi/chapt4/chapt4_ws/src/chapt4_interfaces'
[0.298s] INFO:colcon.colcon_core.plugin_system:Skipping extension 'colcon_core.shell.bat': Not used on non-Windows systems
[0.298s] INFO:colcon.colcon_core.shell:Skip shell extension 'powershell' for command environment: Not usable outside of PowerShell
[0.298s] DEBUG:colcon.colcon_core.shell:Skip shell extension 'dsv' for command environment
[0.304s] DEBUG:colcon.colcon_core.event_handler.log_command:Invoking command in '/home/lizi/chapt4/chapt4_ws/build/chapt4_interfaces': CMAKE_PREFIX_PATH=/opt/ros/humble /usr/bin/cmake /home/lizi/chapt4/chapt4_ws/src/chapt4_interfaces -DCMAKE_INSTALL_PREFIX=/home/lizi/chapt4/chapt4_ws/install/chapt4_interfaces
[1.841s] DEBUG:colcon.colcon_core.event_handler.log_command:Invoked command in '/home/lizi/chapt4/chapt4_ws/build/chapt4_interfaces' returned '0': CMAKE_PREFIX_PATH=/opt/ros/humble /usr/bin/cmake /home/lizi/chapt4/chapt4_ws/src/chapt4_interfaces -DCMAKE_INSTALL_PREFIX=/home/lizi/chapt4/chapt4_ws/install/chapt4_interfaces
[1.843s] DEBUG:colcon.colcon_core.event_handler.log_command:Invoking command in '/home/lizi/chapt4/chapt4_ws/build/chapt4_interfaces': CMAKE_PREFIX_PATH=/opt/ros/humble /usr/bin/cmake --build /home/lizi/chapt4/chapt4_ws/build/chapt4_interfaces -- -j8 -l8
[5.865s] DEBUG:colcon.colcon_core.event_handler.log_command:Invoked command in '/home/lizi/chapt4/chapt4_ws/build/chapt4_interfaces' returned '0': CMAKE_PREFIX_PATH=/opt/ros/humble /usr/bin/cmake --build /home/lizi/chapt4/chapt4_ws/build/chapt4_interfaces -- -j8 -l8
[5.872s] DEBUG:colcon.colcon_core.event_handler.log_command:Invoking command in '/home/lizi/chapt4/chapt4_ws/build/chapt4_interfaces': CMAKE_PREFIX_PATH=/opt/ros/humble /usr/bin/cmake --install /home/lizi/chapt4/chapt4_ws/build/chapt4_interfaces
[5.957s] Level 1:colcon.colcon_core.environment:create_environment_scripts_only(chapt4_interfaces)
[5.958s] DEBUG:colcon.colcon_core.event_handler.log_command:Invoked command in '/home/lizi/chapt4/chapt4_ws/build/chapt4_interfaces' returned '0': CMAKE_PREFIX_PATH=/opt/ros/humble /usr/bin/cmake --install /home/lizi/chapt4/chapt4_ws/build/chapt4_interfaces
[5.960s] Level 1:colcon.colcon_core.environment:checking '/home/lizi/chapt4/chapt4_ws/install/chapt4_interfaces' for CMake module files
[5.960s] Level 1:colcon.colcon_core.environment:checking '/home/lizi/chapt4/chapt4_ws/install/chapt4_interfaces' for CMake config files
[5.961s] Level 1:colcon.colcon_core.shell:create_environment_hook('chapt4_interfaces', 'cmake_prefix_path')
[5.961s] INFO:colcon.colcon_core.shell:Creating environment hook '/home/lizi/chapt4/chapt4_ws/install/chapt4_interfaces/share/chapt4_interfaces/hook/cmake_prefix_path.ps1'
[5.962s] INFO:colcon.colcon_core.shell:Creating environment descriptor '/home/lizi/chapt4/chapt4_ws/install/chapt4_interfaces/share/chapt4_interfaces/hook/cmake_prefix_path.dsv'
[5.963s] INFO:colcon.colcon_core.shell:Creating environment hook '/home/lizi/chapt4/chapt4_ws/install/chapt4_interfaces/share/chapt4_interfaces/hook/cmake_prefix_path.sh'
[5.964s] Level 1:colcon.colcon_core.environment:checking '/home/lizi/chapt4/chapt4_ws/install/chapt4_interfaces/lib'
[5.964s] Level 1:colcon.colcon_core.shell:create_environment_hook('chapt4_interfaces', 'ld_library_path_lib')
[5.964s] INFO:colcon.colcon_core.shell:Creating environment hook '/home/lizi/chapt4/chapt4_ws/install/chapt4_interfaces/share/chapt4_interfaces/hook/ld_library_path_lib.ps1'
[5.965s] INFO:colcon.colcon_core.shell:Creating environment descriptor '/home/lizi/chapt4/chapt4_ws/install/chapt4_interfaces/share/chapt4_interfaces/hook/ld_library_path_lib.dsv'
[5.965s] INFO:colcon.colcon_core.shell:Creating environment hook '/home/lizi/chapt4/chapt4_ws/install/chapt4_interfaces/share/chapt4_interfaces/hook/ld_library_path_lib.sh'
[5.965s] Level 1:colcon.colcon_core.environment:checking '/home/lizi/chapt4/chapt4_ws/install/chapt4_interfaces/bin'
[5.965s] Level 1:colcon.colcon_core.environment:checking '/home/lizi/chapt4/chapt4_ws/install/chapt4_interfaces/lib/pkgconfig/chapt4_interfaces.pc'
[5.965s] Level 1:colcon.colcon_core.environment:checking '/home/lizi/chapt4/chapt4_ws/install/chapt4_interfaces/lib/python3.10/site-packages'
[5.965s] Level 1:colcon.colcon_core.environment:checking '/home/lizi/chapt4/chapt4_ws/install/chapt4_interfaces/bin'
[5.966s] INFO:colcon.colcon_core.shell:Creating package script '/home/lizi/chapt4/chapt4_ws/install/chapt4_interfaces/share/chapt4_interfaces/package.ps1'
[5.966s] INFO:colcon.colcon_core.shell:Creating package descriptor '/home/lizi/chapt4/chapt4_ws/install/chapt4_interfaces/share/chapt4_interfaces/package.dsv'
[5.967s] INFO:colcon.colcon_core.shell:Creating package script '/home/lizi/chapt4/chapt4_ws/install/chapt4_interfaces/share/chapt4_interfaces/package.sh'
[5.967s] INFO:colcon.colcon_core.shell:Creating package script '/home/lizi/chapt4/chapt4_ws/install/chapt4_interfaces/share/chapt4_interfaces/package.bash'
[5.968s] INFO:colcon.colcon_core.shell:Creating package script '/home/lizi/chapt4/chapt4_ws/install/chapt4_interfaces/share/chapt4_interfaces/package.zsh'
[5.968s] Level 1:colcon.colcon_core.environment:create_file_with_runtime_dependencies(/home/lizi/chapt4/chapt4_ws/install/chapt4_interfaces/share/colcon-core/packages/chapt4_interfaces)
[5.969s] Level 1:colcon.colcon_core.environment:create_environment_scripts_only(chapt4_interfaces)
[5.969s] Level 1:colcon.colcon_core.environment:checking '/home/lizi/chapt4/chapt4_ws/install/chapt4_interfaces' for CMake module files
[5.969s] Level 1:colcon.colcon_core.environment:checking '/home/lizi/chapt4/chapt4_ws/install/chapt4_interfaces' for CMake config files
[5.970s] Level 1:colcon.colcon_core.shell:create_environment_hook('chapt4_interfaces', 'cmake_prefix_path')
[5.970s] INFO:colcon.colcon_core.shell:Creating environment hook '/home/lizi/chapt4/chapt4_ws/install/chapt4_interfaces/share/chapt4_interfaces/hook/cmake_prefix_path.ps1'
[5.970s] INFO:colcon.colcon_core.shell:Creating environment descriptor '/home/lizi/chapt4/chapt4_ws/install/chapt4_interfaces/share/chapt4_interfaces/hook/cmake_prefix_path.dsv'
[5.970s] INFO:colcon.colcon_core.shell:Creating environment hook '/home/lizi/chapt4/chapt4_ws/install/chapt4_interfaces/share/chapt4_interfaces/hook/cmake_prefix_path.sh'
[5.971s] Level 1:colcon.colcon_core.environment:checking '/home/lizi/chapt4/chapt4_ws/install/chapt4_interfaces/lib'
[5.971s] Level 1:colcon.colcon_core.shell:create_environment_hook('chapt4_interfaces', 'ld_library_path_lib')
[5.971s] INFO:colcon.colcon_core.shell:Creating environment hook '/home/lizi/chapt4/chapt4_ws/install/chapt4_interfaces/share/chapt4_interfaces/hook/ld_library_path_lib.ps1'
[5.971s] INFO:colcon.colcon_core.shell:Creating environment descriptor '/home/lizi/chapt4/chapt4_ws/install/chapt4_interfaces/share/chapt4_interfaces/hook/ld_library_path_lib.dsv'
[5.971s] INFO:colcon.colcon_core.shell:Creating environment hook '/home/lizi/chapt4/chapt4_ws/install/chapt4_interfaces/share/chapt4_interfaces/hook/ld_library_path_lib.sh'
[5.972s] Level 1:colcon.colcon_core.environment:checking '/home/lizi/chapt4/chapt4_ws/install/chapt4_interfaces/bin'
[5.972s] Level 1:colcon.colcon_core.environment:checking '/home/lizi/chapt4/chapt4_ws/install/chapt4_interfaces/lib/pkgconfig/chapt4_interfaces.pc'
[5.973s] Level 1:colcon.colcon_core.environment:checking '/home/lizi/chapt4/chapt4_ws/install/chapt4_interfaces/lib/python3.10/site-packages'
[5.973s] Level 1:colcon.colcon_core.environment:checking '/home/lizi/chapt4/chapt4_ws/install/chapt4_interfaces/bin'
[5.973s] INFO:colcon.colcon_core.shell:Creating package script '/home/lizi/chapt4/chapt4_ws/install/chapt4_interfaces/share/chapt4_interfaces/package.ps1'
[5.973s] INFO:colcon.colcon_core.shell:Creating package descriptor '/home/lizi/chapt4/chapt4_ws/install/chapt4_interfaces/share/chapt4_interfaces/package.dsv'
[5.974s] INFO:colcon.colcon_core.shell:Creating package script '/home/lizi/chapt4/chapt4_ws/install/chapt4_interfaces/share/chapt4_interfaces/package.sh'
[5.974s] INFO:colcon.colcon_core.shell:Creating package script '/home/lizi/chapt4/chapt4_ws/install/chapt4_interfaces/share/chapt4_interfaces/package.bash'
[5.975s] INFO:colcon.colcon_core.shell:Creating package script '/home/lizi/chapt4/chapt4_ws/install/chapt4_interfaces/share/chapt4_interfaces/package.zsh'
[5.975s] Level 1:colcon.colcon_core.environment:create_file_with_runtime_dependencies(/home/lizi/chapt4/chapt4_ws/install/chapt4_interfaces/share/colcon-core/packages/chapt4_interfaces)
[5.975s] DEBUG:colcon.colcon_parallel_executor.executor.parallel:closing loop
[5.976s] DEBUG:colcon.colcon_parallel_executor.executor.parallel:loop closed
[5.976s] DEBUG:colcon.colcon_parallel_executor.executor.parallel:run_until_complete finished with '0'
[5.976s] DEBUG:colcon.colcon_core.event_reactor:joining thread
[5.980s] INFO:colcon.colcon_core.plugin_system:Skipping extension 'colcon_notification.desktop_notification.terminal_notifier': Not used on non-Darwin systems
[5.980s] INFO:colcon.colcon_core.plugin_system:Skipping extension 'colcon_notification.desktop_notification.win32': Not used on non-Windows systems
[5.980s] INFO:colcon.colcon_notification.desktop_notification:Sending desktop notification using 'notify2'
[6.001s] DEBUG:colcon.colcon_core.event_reactor:joined thread
[6.001s] INFO:colcon.colcon_core.shell:Creating prefix script '/home/lizi/chapt4/chapt4_ws/install/local_setup.ps1'
[6.002s] INFO:colcon.colcon_core.shell:Creating prefix util module '/home/lizi/chapt4/chapt4_ws/install/_local_setup_util_ps1.py'
[6.006s] INFO:colcon.colcon_core.shell:Creating prefix chain script '/home/lizi/chapt4/chapt4_ws/install/setup.ps1'
[6.006s] INFO:colcon.colcon_core.shell:Creating prefix script '/home/lizi/chapt4/chapt4_ws/install/local_setup.sh'
[6.007s] INFO:colcon.colcon_core.shell:Creating prefix util module '/home/lizi/chapt4/chapt4_ws/install/_local_setup_util_sh.py'
[6.008s] INFO:colcon.colcon_core.shell:Creating prefix chain script '/home/lizi/chapt4/chapt4_ws/install/setup.sh'
[6.009s] INFO:colcon.colcon_core.shell:Creating prefix script '/home/lizi/chapt4/chapt4_ws/install/local_setup.bash'
[6.009s] INFO:colcon.colcon_core.shell:Creating prefix chain script '/home/lizi/chapt4/chapt4_ws/install/setup.bash'
[6.010s] INFO:colcon.colcon_core.shell:Creating prefix script '/home/lizi/chapt4/chapt4_ws/install/local_setup.zsh'
[6.011s] INFO:colcon.colcon_core.shell:Creating prefix chain script '/home/lizi/chapt4/chapt4_ws/install/setup.zsh'
