[0.447s] DEBUG:colcon:Command line arguments: ['/usr/bin/colcon', 'build']
[0.447s] DEBUG:colcon:Parsed command line arguments: Namespace(log_base=None, log_level=None, verb_name='build', build_base='build', install_base='install', merge_install=False, symlink_install=False, test_result_base=None, continue_on_error=False, executor='parallel', parallel_workers=8, event_handlers=None, ignore_user_meta=False, metas=['./colcon.meta'], base_paths=['.'], packages_ignore=None, packages_ignore_regex=None, paths=None, packages_up_to=None, packages_up_to_regex=None, packages_above=None, packages_above_and_dependencies=None, packages_above_depth=None, packages_select_by_dep=None, packages_skip_by_dep=None, packages_skip_up_to=None, packages_select_build_failed=False, packages_skip_build_finished=False, packages_select_test_failures=False, packages_skip_test_passed=False, packages_select=None, packages_skip=None, packages_select_regex=None, packages_skip_regex=None, packages_start=None, packages_end=None, allow_overriding=[], cmake_args=None, cmake_target=None, cmake_target_skip_unavailable=False, cmake_clean_cache=False, cmake_clean_first=False, cmake_force_configure=False, ament_cmake_args=None, catkin_cmake_args=None, catkin_skip_building_tests=False, verb_parser=<colcon_defaults.argument_parser.defaults.DefaultArgumentsDecorator object at 0x7b15d0d23790>, verb_extension=<colcon_core.verb.build.BuildVerb object at 0x7b15d0d23310>, main=<bound method BuildVerb.main of <colcon_core.verb.build.BuildVerb object at 0x7b15d0d23310>>)
[0.778s] Level 1:colcon.colcon_core.package_discovery:discover_packages(colcon_meta) check parameters
[0.778s] Level 1:colcon.colcon_core.package_discovery:discover_packages(recursive) check parameters
[0.778s] Level 1:colcon.colcon_core.package_discovery:discover_packages(ignore) check parameters
[0.778s] Level 1:colcon.colcon_core.package_discovery:discover_packages(path) check parameters
[0.778s] Level 1:colcon.colcon_core.package_discovery:discover_packages(colcon_meta) discover
[0.778s] Level 1:colcon.colcon_core.package_discovery:discover_packages(recursive) discover
[0.779s] INFO:colcon.colcon_core.package_discovery:Crawling recursively for packages in '/home/lizi/chapt4/chapt4_ws'
[0.779s] Level 1:colcon.colcon_core.package_identification:_identify(.) by extensions ['ignore', 'ignore_ament_install']
[0.779s] Level 1:colcon.colcon_core.package_identification:_identify(.) by extension 'ignore'
[0.779s] Level 1:colcon.colcon_core.package_identification:_identify(.) by extension 'ignore_ament_install'
[0.779s] Level 1:colcon.colcon_core.package_identification:_identify(.) by extensions ['colcon_pkg']
[0.779s] Level 1:colcon.colcon_core.package_identification:_identify(.) by extension 'colcon_pkg'
[0.779s] Level 1:colcon.colcon_core.package_identification:_identify(.) by extensions ['colcon_meta']
[0.779s] Level 1:colcon.colcon_core.package_identification:_identify(.) by extension 'colcon_meta'
[0.779s] Level 1:colcon.colcon_core.package_identification:_identify(.) by extensions ['ros']
[0.779s] Level 1:colcon.colcon_core.package_identification:_identify(.) by extension 'ros'
[0.796s] Level 1:colcon.colcon_core.package_identification:_identify(.) by extensions ['cmake', 'python']
[0.796s] Level 1:colcon.colcon_core.package_identification:_identify(.) by extension 'cmake'
[0.796s] Level 1:colcon.colcon_core.package_identification:_identify(.) by extension 'python'
[0.796s] Level 1:colcon.colcon_core.package_identification:_identify(.) by extensions ['python_setup_py']
[0.796s] Level 1:colcon.colcon_core.package_identification:_identify(.) by extension 'python_setup_py'
[0.796s] Level 1:colcon.colcon_core.package_identification:_identify(build) by extensions ['ignore', 'ignore_ament_install']
[0.796s] Level 1:colcon.colcon_core.package_identification:_identify(build) by extension 'ignore'
[0.796s] Level 1:colcon.colcon_core.package_identification:_identify(build) ignored
[0.796s] Level 1:colcon.colcon_core.package_identification:_identify(install) by extensions ['ignore', 'ignore_ament_install']
[0.796s] Level 1:colcon.colcon_core.package_identification:_identify(install) by extension 'ignore'
[0.796s] Level 1:colcon.colcon_core.package_identification:_identify(install) ignored
[0.797s] Level 1:colcon.colcon_core.package_identification:_identify(log) by extensions ['ignore', 'ignore_ament_install']
[0.797s] Level 1:colcon.colcon_core.package_identification:_identify(log) by extension 'ignore'
[0.797s] Level 1:colcon.colcon_core.package_identification:_identify(log) ignored
[0.797s] Level 1:colcon.colcon_core.package_identification:_identify(src) by extensions ['ignore', 'ignore_ament_install']
[0.797s] Level 1:colcon.colcon_core.package_identification:_identify(src) by extension 'ignore'
[0.797s] Level 1:colcon.colcon_core.package_identification:_identify(src) by extension 'ignore_ament_install'
[0.797s] Level 1:colcon.colcon_core.package_identification:_identify(src) by extensions ['colcon_pkg']
[0.797s] Level 1:colcon.colcon_core.package_identification:_identify(src) by extension 'colcon_pkg'
[0.797s] Level 1:colcon.colcon_core.package_identification:_identify(src) by extensions ['colcon_meta']
[0.797s] Level 1:colcon.colcon_core.package_identification:_identify(src) by extension 'colcon_meta'
[0.797s] Level 1:colcon.colcon_core.package_identification:_identify(src) by extensions ['ros']
[0.797s] Level 1:colcon.colcon_core.package_identification:_identify(src) by extension 'ros'
[0.797s] Level 1:colcon.colcon_core.package_identification:_identify(src) by extensions ['cmake', 'python']
[0.797s] Level 1:colcon.colcon_core.package_identification:_identify(src) by extension 'cmake'
[0.797s] Level 1:colcon.colcon_core.package_identification:_identify(src) by extension 'python'
[0.797s] Level 1:colcon.colcon_core.package_identification:_identify(src) by extensions ['python_setup_py']
[0.797s] Level 1:colcon.colcon_core.package_identification:_identify(src) by extension 'python_setup_py'
[0.798s] Level 1:colcon.colcon_core.package_identification:_identify(src/chapt4_interfaces) by extensions ['ignore', 'ignore_ament_install']
[0.798s] Level 1:colcon.colcon_core.package_identification:_identify(src/chapt4_interfaces) by extension 'ignore'
[0.798s] Level 1:colcon.colcon_core.package_identification:_identify(src/chapt4_interfaces) by extension 'ignore_ament_install'
[0.798s] Level 1:colcon.colcon_core.package_identification:_identify(src/chapt4_interfaces) by extensions ['colcon_pkg']
[0.798s] Level 1:colcon.colcon_core.package_identification:_identify(src/chapt4_interfaces) by extension 'colcon_pkg'
[0.798s] Level 1:colcon.colcon_core.package_identification:_identify(src/chapt4_interfaces) by extensions ['colcon_meta']
[0.798s] Level 1:colcon.colcon_core.package_identification:_identify(src/chapt4_interfaces) by extension 'colcon_meta'
[0.798s] Level 1:colcon.colcon_core.package_identification:_identify(src/chapt4_interfaces) by extensions ['ros']
[0.798s] Level 1:colcon.colcon_core.package_identification:_identify(src/chapt4_interfaces) by extension 'ros'
[0.803s] DEBUG:colcon.colcon_core.package_identification:Package 'src/chapt4_interfaces' with type 'ros.ament_cmake' and name 'chapt4_interfaces'
[0.803s] Level 1:colcon.colcon_core.package_identification:_identify(src/demo_python_service) by extensions ['ignore', 'ignore_ament_install']
[0.804s] Level 1:colcon.colcon_core.package_identification:_identify(src/demo_python_service) by extension 'ignore'
[0.804s] Level 1:colcon.colcon_core.package_identification:_identify(src/demo_python_service) by extension 'ignore_ament_install'
[0.804s] Level 1:colcon.colcon_core.package_identification:_identify(src/demo_python_service) by extensions ['colcon_pkg']
[0.804s] Level 1:colcon.colcon_core.package_identification:_identify(src/demo_python_service) by extension 'colcon_pkg'
[0.804s] Level 1:colcon.colcon_core.package_identification:_identify(src/demo_python_service) by extensions ['colcon_meta']
[0.804s] Level 1:colcon.colcon_core.package_identification:_identify(src/demo_python_service) by extension 'colcon_meta'
[0.804s] Level 1:colcon.colcon_core.package_identification:_identify(src/demo_python_service) by extensions ['ros']
[0.804s] Level 1:colcon.colcon_core.package_identification:_identify(src/demo_python_service) by extension 'ros'
[0.805s] DEBUG:colcon.colcon_core.package_identification:Package 'src/demo_python_service' with type 'ros.ament_python' and name 'demo_python_service'
[0.805s] Level 1:colcon.colcon_core.package_discovery:discover_packages(recursive) using defaults
[0.805s] Level 1:colcon.colcon_core.package_discovery:discover_packages(ignore) discover
[0.805s] Level 1:colcon.colcon_core.package_discovery:discover_packages(ignore) using defaults
[0.805s] Level 1:colcon.colcon_core.package_discovery:discover_packages(path) discover
[0.805s] Level 1:colcon.colcon_core.package_discovery:discover_packages(path) using defaults
[0.845s] Level 1:colcon.colcon_core.package_discovery:discover_packages(prefix_path) check parameters
[0.845s] Level 1:colcon.colcon_core.package_discovery:discover_packages(prefix_path) discover
[0.852s] DEBUG:colcon.colcon_installed_package_information.package_discovery:Found 2 installed packages in /home/lizi/chapt4/chapt4_ws/install
[0.855s] DEBUG:colcon.colcon_installed_package_information.package_discovery:Found 271 installed packages in /opt/ros/humble
[0.857s] Level 1:colcon.colcon_core.package_discovery:discover_packages(prefix_path) using defaults
[0.962s] Level 5:colcon.colcon_core.verb:set package 'chapt4_interfaces' build argument 'cmake_args' from command line to 'None'
[0.962s] Level 5:colcon.colcon_core.verb:set package 'chapt4_interfaces' build argument 'cmake_target' from command line to 'None'
[0.962s] Level 5:colcon.colcon_core.verb:set package 'chapt4_interfaces' build argument 'cmake_target_skip_unavailable' from command line to 'False'
[0.962s] Level 5:colcon.colcon_core.verb:set package 'chapt4_interfaces' build argument 'cmake_clean_cache' from command line to 'False'
[0.962s] Level 5:colcon.colcon_core.verb:set package 'chapt4_interfaces' build argument 'cmake_clean_first' from command line to 'False'
[0.962s] Level 5:colcon.colcon_core.verb:set package 'chapt4_interfaces' build argument 'cmake_force_configure' from command line to 'False'
[0.962s] Level 5:colcon.colcon_core.verb:set package 'chapt4_interfaces' build argument 'ament_cmake_args' from command line to 'None'
[0.962s] Level 5:colcon.colcon_core.verb:set package 'chapt4_interfaces' build argument 'catkin_cmake_args' from command line to 'None'
[0.962s] Level 5:colcon.colcon_core.verb:set package 'chapt4_interfaces' build argument 'catkin_skip_building_tests' from command line to 'False'
[0.962s] DEBUG:colcon.colcon_core.verb:Building package 'chapt4_interfaces' with the following arguments: {'ament_cmake_args': None, 'build_base': '/home/lizi/chapt4/chapt4_ws/build/chapt4_interfaces', 'catkin_cmake_args': None, 'catkin_skip_building_tests': False, 'cmake_args': None, 'cmake_clean_cache': False, 'cmake_clean_first': False, 'cmake_force_configure': False, 'cmake_target': None, 'cmake_target_skip_unavailable': False, 'install_base': '/home/lizi/chapt4/chapt4_ws/install/chapt4_interfaces', 'merge_install': False, 'path': '/home/lizi/chapt4/chapt4_ws/src/chapt4_interfaces', 'symlink_install': False, 'test_result_base': None}
[0.963s] Level 5:colcon.colcon_core.verb:set package 'demo_python_service' build argument 'cmake_args' from command line to 'None'
[0.963s] Level 5:colcon.colcon_core.verb:set package 'demo_python_service' build argument 'cmake_target' from command line to 'None'
[0.963s] Level 5:colcon.colcon_core.verb:set package 'demo_python_service' build argument 'cmake_target_skip_unavailable' from command line to 'False'
[0.963s] Level 5:colcon.colcon_core.verb:set package 'demo_python_service' build argument 'cmake_clean_cache' from command line to 'False'
[0.963s] Level 5:colcon.colcon_core.verb:set package 'demo_python_service' build argument 'cmake_clean_first' from command line to 'False'
[0.963s] Level 5:colcon.colcon_core.verb:set package 'demo_python_service' build argument 'cmake_force_configure' from command line to 'False'
[0.963s] Level 5:colcon.colcon_core.verb:set package 'demo_python_service' build argument 'ament_cmake_args' from command line to 'None'
[0.963s] Level 5:colcon.colcon_core.verb:set package 'demo_python_service' build argument 'catkin_cmake_args' from command line to 'None'
[0.963s] Level 5:colcon.colcon_core.verb:set package 'demo_python_service' build argument 'catkin_skip_building_tests' from command line to 'False'
[0.963s] DEBUG:colcon.colcon_core.verb:Building package 'demo_python_service' with the following arguments: {'ament_cmake_args': None, 'build_base': '/home/lizi/chapt4/chapt4_ws/build/demo_python_service', 'catkin_cmake_args': None, 'catkin_skip_building_tests': False, 'cmake_args': None, 'cmake_clean_cache': False, 'cmake_clean_first': False, 'cmake_force_configure': False, 'cmake_target': None, 'cmake_target_skip_unavailable': False, 'install_base': '/home/lizi/chapt4/chapt4_ws/install/demo_python_service', 'merge_install': False, 'path': '/home/lizi/chapt4/chapt4_ws/src/demo_python_service', 'symlink_install': False, 'test_result_base': None}
[0.963s] INFO:colcon.colcon_core.executor:Executing jobs using 'parallel' executor
[0.964s] DEBUG:colcon.colcon_parallel_executor.executor.parallel:run_until_complete
[0.964s] INFO:colcon.colcon_ros.task.ament_cmake.build:Building ROS package in '/home/lizi/chapt4/chapt4_ws/src/chapt4_interfaces' with build type 'ament_cmake'
[0.964s] INFO:colcon.colcon_cmake.task.cmake.build:Building CMake package in '/home/lizi/chapt4/chapt4_ws/src/chapt4_interfaces'
[0.972s] INFO:colcon.colcon_core.plugin_system:Skipping extension 'colcon_core.shell.bat': Not used on non-Windows systems
[0.972s] INFO:colcon.colcon_core.shell:Skip shell extension 'powershell' for command environment: Not usable outside of PowerShell
[0.972s] DEBUG:colcon.colcon_core.shell:Skip shell extension 'dsv' for command environment
[0.990s] DEBUG:colcon.colcon_core.event_handler.log_command:Invoking command in '/home/lizi/chapt4/chapt4_ws/build/chapt4_interfaces': CMAKE_PREFIX_PATH=${CMAKE_PREFIX_PATH}:/home/lizi/chapt4/chapt4_ws/install/demo_python_service:/opt/ros/humble /usr/bin/cmake --build /home/lizi/chapt4/chapt4_ws/build/chapt4_interfaces -- -j8 -l8
[1.963s] DEBUG:colcon.colcon_core.event_handler.log_command:Invoked command in '/home/lizi/chapt4/chapt4_ws/build/chapt4_interfaces' returned '0': CMAKE_PREFIX_PATH=${CMAKE_PREFIX_PATH}:/home/lizi/chapt4/chapt4_ws/install/demo_python_service:/opt/ros/humble /usr/bin/cmake --build /home/lizi/chapt4/chapt4_ws/build/chapt4_interfaces -- -j8 -l8
[1.974s] DEBUG:colcon.colcon_core.event_handler.log_command:Invoking command in '/home/lizi/chapt4/chapt4_ws/build/chapt4_interfaces': CMAKE_PREFIX_PATH=${CMAKE_PREFIX_PATH}:/home/lizi/chapt4/chapt4_ws/install/demo_python_service:/opt/ros/humble /usr/bin/cmake --install /home/lizi/chapt4/chapt4_ws/build/chapt4_interfaces
[2.127s] Level 1:colcon.colcon_core.environment:create_environment_scripts_only(chapt4_interfaces)
[2.128s] DEBUG:colcon.colcon_core.event_handler.log_command:Invoked command in '/home/lizi/chapt4/chapt4_ws/build/chapt4_interfaces' returned '0': CMAKE_PREFIX_PATH=${CMAKE_PREFIX_PATH}:/home/lizi/chapt4/chapt4_ws/install/demo_python_service:/opt/ros/humble /usr/bin/cmake --install /home/lizi/chapt4/chapt4_ws/build/chapt4_interfaces
[2.142s] Level 1:colcon.colcon_core.environment:checking '/home/lizi/chapt4/chapt4_ws/install/chapt4_interfaces' for CMake module files
[2.142s] Level 1:colcon.colcon_core.environment:checking '/home/lizi/chapt4/chapt4_ws/install/chapt4_interfaces' for CMake config files
[2.143s] Level 1:colcon.colcon_core.shell:create_environment_hook('chapt4_interfaces', 'cmake_prefix_path')
[2.143s] INFO:colcon.colcon_core.shell:Creating environment hook '/home/lizi/chapt4/chapt4_ws/install/chapt4_interfaces/share/chapt4_interfaces/hook/cmake_prefix_path.ps1'
[2.144s] INFO:colcon.colcon_core.shell:Creating environment descriptor '/home/lizi/chapt4/chapt4_ws/install/chapt4_interfaces/share/chapt4_interfaces/hook/cmake_prefix_path.dsv'
[2.145s] INFO:colcon.colcon_core.shell:Creating environment hook '/home/lizi/chapt4/chapt4_ws/install/chapt4_interfaces/share/chapt4_interfaces/hook/cmake_prefix_path.sh'
[2.146s] Level 1:colcon.colcon_core.environment:checking '/home/lizi/chapt4/chapt4_ws/install/chapt4_interfaces/lib'
[2.146s] Level 1:colcon.colcon_core.shell:create_environment_hook('chapt4_interfaces', 'ld_library_path_lib')
[2.147s] INFO:colcon.colcon_core.shell:Creating environment hook '/home/lizi/chapt4/chapt4_ws/install/chapt4_interfaces/share/chapt4_interfaces/hook/ld_library_path_lib.ps1'
[2.147s] INFO:colcon.colcon_core.shell:Creating environment descriptor '/home/lizi/chapt4/chapt4_ws/install/chapt4_interfaces/share/chapt4_interfaces/hook/ld_library_path_lib.dsv'
[2.147s] INFO:colcon.colcon_core.shell:Creating environment hook '/home/lizi/chapt4/chapt4_ws/install/chapt4_interfaces/share/chapt4_interfaces/hook/ld_library_path_lib.sh'
[2.148s] Level 1:colcon.colcon_core.environment:checking '/home/lizi/chapt4/chapt4_ws/install/chapt4_interfaces/bin'
[2.148s] Level 1:colcon.colcon_core.environment:checking '/home/lizi/chapt4/chapt4_ws/install/chapt4_interfaces/lib/pkgconfig/chapt4_interfaces.pc'
[2.148s] Level 1:colcon.colcon_core.environment:checking '/home/lizi/chapt4/chapt4_ws/install/chapt4_interfaces/lib/python3.10/site-packages'
[2.148s] Level 1:colcon.colcon_core.environment:checking '/home/lizi/chapt4/chapt4_ws/install/chapt4_interfaces/bin'
[2.148s] INFO:colcon.colcon_core.shell:Creating package script '/home/lizi/chapt4/chapt4_ws/install/chapt4_interfaces/share/chapt4_interfaces/package.ps1'
[2.149s] INFO:colcon.colcon_core.shell:Creating package descriptor '/home/lizi/chapt4/chapt4_ws/install/chapt4_interfaces/share/chapt4_interfaces/package.dsv'
[2.150s] INFO:colcon.colcon_core.shell:Creating package script '/home/lizi/chapt4/chapt4_ws/install/chapt4_interfaces/share/chapt4_interfaces/package.sh'
[2.151s] INFO:colcon.colcon_core.shell:Creating package script '/home/lizi/chapt4/chapt4_ws/install/chapt4_interfaces/share/chapt4_interfaces/package.bash'
[2.152s] INFO:colcon.colcon_core.shell:Creating package script '/home/lizi/chapt4/chapt4_ws/install/chapt4_interfaces/share/chapt4_interfaces/package.zsh'
[2.153s] Level 1:colcon.colcon_core.environment:create_file_with_runtime_dependencies(/home/lizi/chapt4/chapt4_ws/install/chapt4_interfaces/share/colcon-core/packages/chapt4_interfaces)
[2.154s] Level 1:colcon.colcon_core.environment:create_environment_scripts_only(chapt4_interfaces)
[2.154s] Level 1:colcon.colcon_core.environment:checking '/home/lizi/chapt4/chapt4_ws/install/chapt4_interfaces' for CMake module files
[2.155s] Level 1:colcon.colcon_core.environment:checking '/home/lizi/chapt4/chapt4_ws/install/chapt4_interfaces' for CMake config files
[2.155s] Level 1:colcon.colcon_core.shell:create_environment_hook('chapt4_interfaces', 'cmake_prefix_path')
[2.155s] INFO:colcon.colcon_core.shell:Creating environment hook '/home/lizi/chapt4/chapt4_ws/install/chapt4_interfaces/share/chapt4_interfaces/hook/cmake_prefix_path.ps1'
[2.155s] INFO:colcon.colcon_core.shell:Creating environment descriptor '/home/lizi/chapt4/chapt4_ws/install/chapt4_interfaces/share/chapt4_interfaces/hook/cmake_prefix_path.dsv'
[2.156s] INFO:colcon.colcon_core.shell:Creating environment hook '/home/lizi/chapt4/chapt4_ws/install/chapt4_interfaces/share/chapt4_interfaces/hook/cmake_prefix_path.sh'
[2.156s] Level 1:colcon.colcon_core.environment:checking '/home/lizi/chapt4/chapt4_ws/install/chapt4_interfaces/lib'
[2.156s] Level 1:colcon.colcon_core.shell:create_environment_hook('chapt4_interfaces', 'ld_library_path_lib')
[2.156s] INFO:colcon.colcon_core.shell:Creating environment hook '/home/lizi/chapt4/chapt4_ws/install/chapt4_interfaces/share/chapt4_interfaces/hook/ld_library_path_lib.ps1'
[2.157s] INFO:colcon.colcon_core.shell:Creating environment descriptor '/home/lizi/chapt4/chapt4_ws/install/chapt4_interfaces/share/chapt4_interfaces/hook/ld_library_path_lib.dsv'
[2.157s] INFO:colcon.colcon_core.shell:Creating environment hook '/home/lizi/chapt4/chapt4_ws/install/chapt4_interfaces/share/chapt4_interfaces/hook/ld_library_path_lib.sh'
[2.157s] Level 1:colcon.colcon_core.environment:checking '/home/lizi/chapt4/chapt4_ws/install/chapt4_interfaces/bin'
[2.157s] Level 1:colcon.colcon_core.environment:checking '/home/lizi/chapt4/chapt4_ws/install/chapt4_interfaces/lib/pkgconfig/chapt4_interfaces.pc'
[2.157s] Level 1:colcon.colcon_core.environment:checking '/home/lizi/chapt4/chapt4_ws/install/chapt4_interfaces/lib/python3.10/site-packages'
[2.158s] Level 1:colcon.colcon_core.environment:checking '/home/lizi/chapt4/chapt4_ws/install/chapt4_interfaces/bin'
[2.158s] INFO:colcon.colcon_core.shell:Creating package script '/home/lizi/chapt4/chapt4_ws/install/chapt4_interfaces/share/chapt4_interfaces/package.ps1'
[2.158s] INFO:colcon.colcon_core.shell:Creating package descriptor '/home/lizi/chapt4/chapt4_ws/install/chapt4_interfaces/share/chapt4_interfaces/package.dsv'
[2.159s] INFO:colcon.colcon_core.shell:Creating package script '/home/lizi/chapt4/chapt4_ws/install/chapt4_interfaces/share/chapt4_interfaces/package.sh'
[2.159s] INFO:colcon.colcon_core.shell:Creating package script '/home/lizi/chapt4/chapt4_ws/install/chapt4_interfaces/share/chapt4_interfaces/package.bash'
[2.159s] INFO:colcon.colcon_core.shell:Creating package script '/home/lizi/chapt4/chapt4_ws/install/chapt4_interfaces/share/chapt4_interfaces/package.zsh'
[2.160s] Level 1:colcon.colcon_core.environment:create_file_with_runtime_dependencies(/home/lizi/chapt4/chapt4_ws/install/chapt4_interfaces/share/colcon-core/packages/chapt4_interfaces)
[2.160s] INFO:colcon.colcon_ros.task.ament_python.build:Building ROS package in '/home/lizi/chapt4/chapt4_ws/src/demo_python_service' with build type 'ament_python'
[2.160s] Level 1:colcon.colcon_core.shell:create_environment_hook('demo_python_service', 'ament_prefix_path')
[2.160s] INFO:colcon.colcon_core.shell:Creating environment hook '/home/lizi/chapt4/chapt4_ws/install/demo_python_service/share/demo_python_service/hook/ament_prefix_path.ps1'
[2.161s] INFO:colcon.colcon_core.shell:Creating environment descriptor '/home/lizi/chapt4/chapt4_ws/install/demo_python_service/share/demo_python_service/hook/ament_prefix_path.dsv'
[2.161s] INFO:colcon.colcon_core.shell:Creating environment hook '/home/lizi/chapt4/chapt4_ws/install/demo_python_service/share/demo_python_service/hook/ament_prefix_path.sh'
[2.162s] INFO:colcon.colcon_core.shell:Skip shell extension 'powershell' for command environment: Not usable outside of PowerShell
[2.162s] DEBUG:colcon.colcon_core.shell:Skip shell extension 'dsv' for command environment
[2.453s] INFO:colcon.colcon_core.task.python.build:Building Python package in '/home/lizi/chapt4/chapt4_ws/src/demo_python_service'
[2.454s] INFO:colcon.colcon_core.shell:Skip shell extension 'powershell' for command environment: Not usable outside of PowerShell
[2.454s] DEBUG:colcon.colcon_core.shell:Skip shell extension 'dsv' for command environment
[2.854s] DEBUG:colcon.colcon_core.event_handler.log_command:Invoking command in '/home/lizi/chapt4/chapt4_ws/src/demo_python_service': PYTHONPATH=/home/lizi/chapt4/chapt4_ws/build/demo_python_service/prefix_override:/usr/lib/python3/dist-packages/colcon_core/task/python/colcon_distutils_commands:/home/lizi/chapt4/chapt4_ws/install/demo_python_service/lib/python3.10/site-packages:${PYTHONPATH} /usr/bin/python3 -W ignore:setup.py install is deprecated -W ignore:easy_install command is deprecated setup.py egg_info --egg-base ../../build/demo_python_service build --build-base /home/lizi/chapt4/chapt4_ws/build/demo_python_service/build install --record /home/lizi/chapt4/chapt4_ws/build/demo_python_service/install.log --single-version-externally-managed install_data
[3.102s] Level 1:colcon.colcon_core.environment:checking '/home/lizi/chapt4/chapt4_ws/install/demo_python_service' for CMake module files
[3.102s] DEBUG:colcon.colcon_core.event_handler.log_command:Invoked command in '/home/lizi/chapt4/chapt4_ws/src/demo_python_service' returned '0': PYTHONPATH=/home/lizi/chapt4/chapt4_ws/build/demo_python_service/prefix_override:/usr/lib/python3/dist-packages/colcon_core/task/python/colcon_distutils_commands:/home/lizi/chapt4/chapt4_ws/install/demo_python_service/lib/python3.10/site-packages:${PYTHONPATH} /usr/bin/python3 -W ignore:setup.py install is deprecated -W ignore:easy_install command is deprecated setup.py egg_info --egg-base ../../build/demo_python_service build --build-base /home/lizi/chapt4/chapt4_ws/build/demo_python_service/build install --record /home/lizi/chapt4/chapt4_ws/build/demo_python_service/install.log --single-version-externally-managed install_data
[3.104s] Level 1:colcon.colcon_core.environment:checking '/home/lizi/chapt4/chapt4_ws/install/demo_python_service' for CMake config files
[3.104s] Level 1:colcon.colcon_core.environment:checking '/home/lizi/chapt4/chapt4_ws/install/demo_python_service/lib'
[3.104s] Level 1:colcon.colcon_core.environment:checking '/home/lizi/chapt4/chapt4_ws/install/demo_python_service/bin'
[3.104s] Level 1:colcon.colcon_core.environment:checking '/home/lizi/chapt4/chapt4_ws/install/demo_python_service/lib/pkgconfig/demo_python_service.pc'
[3.105s] Level 1:colcon.colcon_core.environment:checking '/home/lizi/chapt4/chapt4_ws/install/demo_python_service/lib/python3.10/site-packages'
[3.105s] Level 1:colcon.colcon_core.shell:create_environment_hook('demo_python_service', 'pythonpath')
[3.105s] INFO:colcon.colcon_core.shell:Creating environment hook '/home/lizi/chapt4/chapt4_ws/install/demo_python_service/share/demo_python_service/hook/pythonpath.ps1'
[3.106s] INFO:colcon.colcon_core.shell:Creating environment descriptor '/home/lizi/chapt4/chapt4_ws/install/demo_python_service/share/demo_python_service/hook/pythonpath.dsv'
[3.118s] INFO:colcon.colcon_core.shell:Creating environment hook '/home/lizi/chapt4/chapt4_ws/install/demo_python_service/share/demo_python_service/hook/pythonpath.sh'
[3.119s] Level 1:colcon.colcon_core.environment:checking '/home/lizi/chapt4/chapt4_ws/install/demo_python_service/bin'
[3.119s] Level 1:colcon.colcon_core.environment:create_environment_scripts_only(demo_python_service)
[3.119s] INFO:colcon.colcon_core.shell:Creating package script '/home/lizi/chapt4/chapt4_ws/install/demo_python_service/share/demo_python_service/package.ps1'
[3.120s] INFO:colcon.colcon_core.shell:Creating package descriptor '/home/lizi/chapt4/chapt4_ws/install/demo_python_service/share/demo_python_service/package.dsv'
[3.120s] INFO:colcon.colcon_core.shell:Creating package script '/home/lizi/chapt4/chapt4_ws/install/demo_python_service/share/demo_python_service/package.sh'
[3.121s] INFO:colcon.colcon_core.shell:Creating package script '/home/lizi/chapt4/chapt4_ws/install/demo_python_service/share/demo_python_service/package.bash'
[3.121s] INFO:colcon.colcon_core.shell:Creating package script '/home/lizi/chapt4/chapt4_ws/install/demo_python_service/share/demo_python_service/package.zsh'
[3.121s] Level 1:colcon.colcon_core.environment:create_file_with_runtime_dependencies(/home/lizi/chapt4/chapt4_ws/install/demo_python_service/share/colcon-core/packages/demo_python_service)
[3.122s] DEBUG:colcon.colcon_parallel_executor.executor.parallel:closing loop
[3.122s] DEBUG:colcon.colcon_parallel_executor.executor.parallel:loop closed
[3.122s] DEBUG:colcon.colcon_parallel_executor.executor.parallel:run_until_complete finished with '0'
[3.122s] DEBUG:colcon.colcon_core.event_reactor:joining thread
[3.141s] INFO:colcon.colcon_core.plugin_system:Skipping extension 'colcon_notification.desktop_notification.terminal_notifier': Not used on non-Darwin systems
[3.141s] INFO:colcon.colcon_core.plugin_system:Skipping extension 'colcon_notification.desktop_notification.win32': Not used on non-Windows systems
[3.141s] INFO:colcon.colcon_notification.desktop_notification:Sending desktop notification using 'notify2'
[3.257s] DEBUG:colcon.colcon_core.event_reactor:joined thread
[3.257s] INFO:colcon.colcon_core.shell:Creating prefix script '/home/lizi/chapt4/chapt4_ws/install/local_setup.ps1'
[3.259s] INFO:colcon.colcon_core.shell:Creating prefix util module '/home/lizi/chapt4/chapt4_ws/install/_local_setup_util_ps1.py'
[3.260s] INFO:colcon.colcon_core.shell:Creating prefix chain script '/home/lizi/chapt4/chapt4_ws/install/setup.ps1'
[3.262s] INFO:colcon.colcon_core.shell:Creating prefix script '/home/lizi/chapt4/chapt4_ws/install/local_setup.sh'
[3.263s] INFO:colcon.colcon_core.shell:Creating prefix util module '/home/lizi/chapt4/chapt4_ws/install/_local_setup_util_sh.py'
[3.263s] INFO:colcon.colcon_core.shell:Creating prefix chain script '/home/lizi/chapt4/chapt4_ws/install/setup.sh'
[3.272s] INFO:colcon.colcon_core.shell:Creating prefix script '/home/lizi/chapt4/chapt4_ws/install/local_setup.bash'
[3.273s] INFO:colcon.colcon_core.shell:Creating prefix chain script '/home/lizi/chapt4/chapt4_ws/install/setup.bash'
[3.275s] INFO:colcon.colcon_core.shell:Creating prefix script '/home/lizi/chapt4/chapt4_ws/install/local_setup.zsh'
[3.275s] INFO:colcon.colcon_core.shell:Creating prefix chain script '/home/lizi/chapt4/chapt4_ws/install/setup.zsh'
