[0.012s] Invoking command in '/home/lizi/chapt4/chapt4_ws/build/chapt4_interfaces': CMAKE_PREFIX_PATH=${CMAKE_PREFIX_PATH}:/home/lizi/chapt4/chapt4_ws/install/demo_python_service:/opt/ros/humble /usr/bin/cmake --build /home/lizi/chapt4/chapt4_ws/build/chapt4_interfaces -- -j8 -l8
[0.159s] [  3%] Built target chapt4_interfaces__cpp
[0.181s] [  3%] Built target ament_cmake_python_copy_chapt4_interfaces
[0.199s] [ 12%] Built target chapt4_interfaces__rosidl_generator_c
[0.213s] [ 25%] Built target chapt4_interfaces__rosidl_typesupport_introspection_cpp
[0.213s] [ 32%] Built target chapt4_interfaces__rosidl_typesupport_cpp
[0.226s] [ 41%] Built target chapt4_interfaces__rosidl_typesupport_fastrtps_cpp
[0.235s] [ 51%] Built target chapt4_interfaces__rosidl_typesupport_fastrtps_c
[0.240s] [ 61%] Built target chapt4_interfaces__rosidl_typesupport_c
[0.250s] [ 70%] Built target chapt4_interfaces__rosidl_typesupport_introspection_c
[0.341s] [ 70%] Built target chapt4_interfaces
[0.419s] [ 74%] Built target chapt4_interfaces__py
[0.473s] [ 80%] Built target chapt4_interfaces__rosidl_generator_py
[0.523s] [ 87%] Built target chapt4_interfaces__rosidl_typesupport_introspection_c__pyext
[0.533s] running egg_info
[0.533s] writing chapt4_interfaces.egg-info/PKG-INFO
[0.533s] [ 93%] Built target chapt4_interfaces__rosidl_typesupport_c__pyext
[0.533s] writing dependency_links to chapt4_interfaces.egg-info/dependency_links.txt
[0.533s] writing top-level names to chapt4_interfaces.egg-info/top_level.txt
[0.537s] reading manifest file 'chapt4_interfaces.egg-info/SOURCES.txt'
[0.537s] [100%] Built target chapt4_interfaces__rosidl_typesupport_fastrtps_c__pyext
[0.539s] writing manifest file 'chapt4_interfaces.egg-info/SOURCES.txt'
[0.570s] [100%] Built target ament_cmake_python_build_chapt4_interfaces_egg
[0.589s] Invoked command in '/home/lizi/chapt4/chapt4_ws/build/chapt4_interfaces' returned '0': CMAKE_PREFIX_PATH=${CMAKE_PREFIX_PATH}:/home/lizi/chapt4/chapt4_ws/install/demo_python_service:/opt/ros/humble /usr/bin/cmake --build /home/lizi/chapt4/chapt4_ws/build/chapt4_interfaces -- -j8 -l8
[0.606s] Invoking command in '/home/lizi/chapt4/chapt4_ws/build/chapt4_interfaces': CMAKE_PREFIX_PATH=${CMAKE_PREFIX_PATH}:/home/lizi/chapt4/chapt4_ws/install/demo_python_service:/opt/ros/humble /usr/bin/cmake --install /home/lizi/chapt4/chapt4_ws/build/chapt4_interfaces
[0.619s] -- Install configuration: ""
[0.619s] -- Up-to-date: /home/lizi/chapt4/chapt4_ws/install/chapt4_interfaces/share/ament_index/resource_index/rosidl_interfaces/chapt4_interfaces
[0.619s] -- Up-to-date: /home/lizi/chapt4/chapt4_ws/install/chapt4_interfaces/include/chapt4_interfaces/chapt4_interfaces
[0.619s] -- Up-to-date: /home/lizi/chapt4/chapt4_ws/install/chapt4_interfaces/include/chapt4_interfaces/chapt4_interfaces/srv
[0.619s] -- Up-to-date: /home/lizi/chapt4/chapt4_ws/install/chapt4_interfaces/include/chapt4_interfaces/chapt4_interfaces/srv/face_detector.h
[0.620s] -- Up-to-date: /home/lizi/chapt4/chapt4_ws/install/chapt4_interfaces/include/chapt4_interfaces/chapt4_interfaces/srv/detail
[0.620s] -- Up-to-date: /home/lizi/chapt4/chapt4_ws/install/chapt4_interfaces/include/chapt4_interfaces/chapt4_interfaces/srv/detail/face_detector__struct.h
[0.620s] -- Up-to-date: /home/lizi/chapt4/chapt4_ws/install/chapt4_interfaces/include/chapt4_interfaces/chapt4_interfaces/srv/detail/face_detector__type_support.h
[0.620s] -- Up-to-date: /home/lizi/chapt4/chapt4_ws/install/chapt4_interfaces/include/chapt4_interfaces/chapt4_interfaces/srv/detail/face_detector__functions.c
[0.620s] -- Up-to-date: /home/lizi/chapt4/chapt4_ws/install/chapt4_interfaces/include/chapt4_interfaces/chapt4_interfaces/srv/detail/face_detector__functions.h
[0.620s] -- Up-to-date: /home/lizi/chapt4/chapt4_ws/install/chapt4_interfaces/include/chapt4_interfaces/chapt4_interfaces/msg
[0.620s] -- Up-to-date: /home/lizi/chapt4/chapt4_ws/install/chapt4_interfaces/include/chapt4_interfaces/chapt4_interfaces/msg/rosidl_generator_c__visibility_control.h
[0.620s] -- Up-to-date: /home/lizi/chapt4/chapt4_ws/install/chapt4_interfaces/share/chapt4_interfaces/environment/library_path.sh
[0.620s] -- Up-to-date: /home/lizi/chapt4/chapt4_ws/install/chapt4_interfaces/share/chapt4_interfaces/environment/library_path.dsv
[0.621s] -- Up-to-date: /home/lizi/chapt4/chapt4_ws/install/chapt4_interfaces/lib/libchapt4_interfaces__rosidl_generator_c.so
[0.621s] -- Up-to-date: /home/lizi/chapt4/chapt4_ws/install/chapt4_interfaces/include/chapt4_interfaces/chapt4_interfaces
[0.621s] -- Up-to-date: /home/lizi/chapt4/chapt4_ws/install/chapt4_interfaces/include/chapt4_interfaces/chapt4_interfaces/srv
[0.621s] -- Up-to-date: /home/lizi/chapt4/chapt4_ws/install/chapt4_interfaces/include/chapt4_interfaces/chapt4_interfaces/srv/detail
[0.621s] -- Up-to-date: /home/lizi/chapt4/chapt4_ws/install/chapt4_interfaces/include/chapt4_interfaces/chapt4_interfaces/srv/detail/face_detector__rosidl_typesupport_fastrtps_c.h
[0.621s] -- Up-to-date: /home/lizi/chapt4/chapt4_ws/install/chapt4_interfaces/include/chapt4_interfaces/chapt4_interfaces/msg
[0.621s] -- Up-to-date: /home/lizi/chapt4/chapt4_ws/install/chapt4_interfaces/include/chapt4_interfaces/chapt4_interfaces/msg/rosidl_typesupport_fastrtps_c__visibility_control.h
[0.621s] -- Up-to-date: /home/lizi/chapt4/chapt4_ws/install/chapt4_interfaces/lib/libchapt4_interfaces__rosidl_typesupport_fastrtps_c.so
[0.622s] -- Up-to-date: /home/lizi/chapt4/chapt4_ws/install/chapt4_interfaces/include/chapt4_interfaces/chapt4_interfaces
[0.622s] -- Up-to-date: /home/lizi/chapt4/chapt4_ws/install/chapt4_interfaces/include/chapt4_interfaces/chapt4_interfaces/srv
[0.622s] -- Up-to-date: /home/lizi/chapt4/chapt4_ws/install/chapt4_interfaces/include/chapt4_interfaces/chapt4_interfaces/srv/detail
[0.622s] -- Up-to-date: /home/lizi/chapt4/chapt4_ws/install/chapt4_interfaces/include/chapt4_interfaces/chapt4_interfaces/srv/detail/face_detector__rosidl_typesupport_introspection_c.h
[0.622s] -- Up-to-date: /home/lizi/chapt4/chapt4_ws/install/chapt4_interfaces/include/chapt4_interfaces/chapt4_interfaces/srv/detail/face_detector__type_support.c
[0.622s] -- Up-to-date: /home/lizi/chapt4/chapt4_ws/install/chapt4_interfaces/include/chapt4_interfaces/chapt4_interfaces/msg
[0.622s] -- Up-to-date: /home/lizi/chapt4/chapt4_ws/install/chapt4_interfaces/include/chapt4_interfaces/chapt4_interfaces/msg/rosidl_typesupport_introspection_c__visibility_control.h
[0.624s] -- Up-to-date: /home/lizi/chapt4/chapt4_ws/install/chapt4_interfaces/lib/libchapt4_interfaces__rosidl_typesupport_introspection_c.so
[0.625s] -- Up-to-date: /home/lizi/chapt4/chapt4_ws/install/chapt4_interfaces/lib/libchapt4_interfaces__rosidl_typesupport_c.so
[0.625s] -- Up-to-date: /home/lizi/chapt4/chapt4_ws/install/chapt4_interfaces/include/chapt4_interfaces/chapt4_interfaces
[0.625s] -- Up-to-date: /home/lizi/chapt4/chapt4_ws/install/chapt4_interfaces/include/chapt4_interfaces/chapt4_interfaces/srv
[0.625s] -- Up-to-date: /home/lizi/chapt4/chapt4_ws/install/chapt4_interfaces/include/chapt4_interfaces/chapt4_interfaces/srv/detail
[0.625s] -- Up-to-date: /home/lizi/chapt4/chapt4_ws/install/chapt4_interfaces/include/chapt4_interfaces/chapt4_interfaces/srv/detail/face_detector__builder.hpp
[0.625s] -- Up-to-date: /home/lizi/chapt4/chapt4_ws/install/chapt4_interfaces/include/chapt4_interfaces/chapt4_interfaces/srv/detail/face_detector__type_support.hpp
[0.627s] -- Up-to-date: /home/lizi/chapt4/chapt4_ws/install/chapt4_interfaces/include/chapt4_interfaces/chapt4_interfaces/srv/detail/face_detector__struct.hpp
[0.627s] -- Up-to-date: /home/lizi/chapt4/chapt4_ws/install/chapt4_interfaces/include/chapt4_interfaces/chapt4_interfaces/srv/detail/face_detector__traits.hpp
[0.627s] -- Up-to-date: /home/lizi/chapt4/chapt4_ws/install/chapt4_interfaces/include/chapt4_interfaces/chapt4_interfaces/srv/face_detector.hpp
[0.627s] -- Up-to-date: /home/lizi/chapt4/chapt4_ws/install/chapt4_interfaces/include/chapt4_interfaces/chapt4_interfaces/msg
[0.628s] -- Up-to-date: /home/lizi/chapt4/chapt4_ws/install/chapt4_interfaces/include/chapt4_interfaces/chapt4_interfaces/msg/rosidl_generator_cpp__visibility_control.hpp
[0.628s] -- Up-to-date: /home/lizi/chapt4/chapt4_ws/install/chapt4_interfaces/include/chapt4_interfaces/chapt4_interfaces
[0.628s] -- Up-to-date: /home/lizi/chapt4/chapt4_ws/install/chapt4_interfaces/include/chapt4_interfaces/chapt4_interfaces/srv
[0.628s] -- Up-to-date: /home/lizi/chapt4/chapt4_ws/install/chapt4_interfaces/include/chapt4_interfaces/chapt4_interfaces/srv/detail
[0.628s] -- Up-to-date: /home/lizi/chapt4/chapt4_ws/install/chapt4_interfaces/include/chapt4_interfaces/chapt4_interfaces/srv/detail/dds_fastrtps
[0.628s] -- Up-to-date: /home/lizi/chapt4/chapt4_ws/install/chapt4_interfaces/include/chapt4_interfaces/chapt4_interfaces/srv/detail/face_detector__rosidl_typesupport_fastrtps_cpp.hpp
[0.628s] -- Up-to-date: /home/lizi/chapt4/chapt4_ws/install/chapt4_interfaces/include/chapt4_interfaces/chapt4_interfaces/msg
[0.628s] -- Up-to-date: /home/lizi/chapt4/chapt4_ws/install/chapt4_interfaces/include/chapt4_interfaces/chapt4_interfaces/msg/rosidl_typesupport_fastrtps_cpp__visibility_control.h
[0.632s] -- Up-to-date: /home/lizi/chapt4/chapt4_ws/install/chapt4_interfaces/lib/libchapt4_interfaces__rosidl_typesupport_fastrtps_cpp.so
[0.632s] -- Up-to-date: /home/lizi/chapt4/chapt4_ws/install/chapt4_interfaces/include/chapt4_interfaces/chapt4_interfaces
[0.632s] -- Up-to-date: /home/lizi/chapt4/chapt4_ws/install/chapt4_interfaces/include/chapt4_interfaces/chapt4_interfaces/srv
[0.634s] -- Up-to-date: /home/lizi/chapt4/chapt4_ws/install/chapt4_interfaces/include/chapt4_interfaces/chapt4_interfaces/srv/detail
[0.634s] -- Up-to-date: /home/lizi/chapt4/chapt4_ws/install/chapt4_interfaces/include/chapt4_interfaces/chapt4_interfaces/srv/detail/face_detector__rosidl_typesupport_introspection_cpp.hpp
[0.634s] -- Up-to-date: /home/lizi/chapt4/chapt4_ws/install/chapt4_interfaces/include/chapt4_interfaces/chapt4_interfaces/srv/detail/face_detector__type_support.cpp
[0.635s] -- Up-to-date: /home/lizi/chapt4/chapt4_ws/install/chapt4_interfaces/lib/libchapt4_interfaces__rosidl_typesupport_introspection_cpp.so
[0.637s] -- Up-to-date: /home/lizi/chapt4/chapt4_ws/install/chapt4_interfaces/lib/libchapt4_interfaces__rosidl_typesupport_cpp.so
[0.637s] -- Up-to-date: /home/lizi/chapt4/chapt4_ws/install/chapt4_interfaces/share/chapt4_interfaces/environment/pythonpath.sh
[0.637s] -- Up-to-date: /home/lizi/chapt4/chapt4_ws/install/chapt4_interfaces/share/chapt4_interfaces/environment/pythonpath.dsv
[0.637s] -- Up-to-date: /home/lizi/chapt4/chapt4_ws/install/chapt4_interfaces/local/lib/python3.10/dist-packages/chapt4_interfaces-0.0.0-py3.10.egg-info
[0.637s] -- Installing: /home/lizi/chapt4/chapt4_ws/install/chapt4_interfaces/local/lib/python3.10/dist-packages/chapt4_interfaces-0.0.0-py3.10.egg-info/dependency_links.txt
[0.637s] -- Installing: /home/lizi/chapt4/chapt4_ws/install/chapt4_interfaces/local/lib/python3.10/dist-packages/chapt4_interfaces-0.0.0-py3.10.egg-info/PKG-INFO
[0.637s] -- Installing: /home/lizi/chapt4/chapt4_ws/install/chapt4_interfaces/local/lib/python3.10/dist-packages/chapt4_interfaces-0.0.0-py3.10.egg-info/top_level.txt
[0.638s] -- Installing: /home/lizi/chapt4/chapt4_ws/install/chapt4_interfaces/local/lib/python3.10/dist-packages/chapt4_interfaces-0.0.0-py3.10.egg-info/SOURCES.txt
[0.638s] -- Up-to-date: /home/lizi/chapt4/chapt4_ws/install/chapt4_interfaces/local/lib/python3.10/dist-packages/chapt4_interfaces
[0.638s] -- Up-to-date: /home/lizi/chapt4/chapt4_ws/install/chapt4_interfaces/local/lib/python3.10/dist-packages/chapt4_interfaces/_chapt4_interfaces_s.ep.rosidl_typesupport_introspection_c.c
[0.638s] -- Up-to-date: /home/lizi/chapt4/chapt4_ws/install/chapt4_interfaces/local/lib/python3.10/dist-packages/chapt4_interfaces/libchapt4_interfaces__rosidl_generator_py.so
[0.638s] -- Up-to-date: /home/lizi/chapt4/chapt4_ws/install/chapt4_interfaces/local/lib/python3.10/dist-packages/chapt4_interfaces/_chapt4_interfaces_s.ep.rosidl_typesupport_c.c
[0.638s] -- Up-to-date: /home/lizi/chapt4/chapt4_ws/install/chapt4_interfaces/local/lib/python3.10/dist-packages/chapt4_interfaces/chapt4_interfaces_s__rosidl_typesupport_introspection_c.cpython-310-x86_64-linux-gnu.so
[0.638s] -- Up-to-date: /home/lizi/chapt4/chapt4_ws/install/chapt4_interfaces/local/lib/python3.10/dist-packages/chapt4_interfaces/srv
[0.638s] -- Up-to-date: /home/lizi/chapt4/chapt4_ws/install/chapt4_interfaces/local/lib/python3.10/dist-packages/chapt4_interfaces/srv/_face_detector_s.c
[0.639s] -- Up-to-date: /home/lizi/chapt4/chapt4_ws/install/chapt4_interfaces/local/lib/python3.10/dist-packages/chapt4_interfaces/srv/__init__.py
[0.639s] -- Up-to-date: /home/lizi/chapt4/chapt4_ws/install/chapt4_interfaces/local/lib/python3.10/dist-packages/chapt4_interfaces/srv/_face_detector.py
[0.639s] -- Up-to-date: /home/lizi/chapt4/chapt4_ws/install/chapt4_interfaces/local/lib/python3.10/dist-packages/chapt4_interfaces/_chapt4_interfaces_s.ep.rosidl_typesupport_fastrtps_c.c
[0.639s] -- Up-to-date: /home/lizi/chapt4/chapt4_ws/install/chapt4_interfaces/local/lib/python3.10/dist-packages/chapt4_interfaces/chapt4_interfaces_s__rosidl_typesupport_fastrtps_c.cpython-310-x86_64-linux-gnu.so
[0.639s] -- Up-to-date: /home/lizi/chapt4/chapt4_ws/install/chapt4_interfaces/local/lib/python3.10/dist-packages/chapt4_interfaces/__init__.py
[0.639s] -- Up-to-date: /home/lizi/chapt4/chapt4_ws/install/chapt4_interfaces/local/lib/python3.10/dist-packages/chapt4_interfaces/chapt4_interfaces_s__rosidl_typesupport_c.cpython-310-x86_64-linux-gnu.so
[0.691s] Listing '/home/lizi/chapt4/chapt4_ws/install/chapt4_interfaces/local/lib/python3.10/dist-packages/chapt4_interfaces'...
[0.691s] Listing '/home/lizi/chapt4/chapt4_ws/install/chapt4_interfaces/local/lib/python3.10/dist-packages/chapt4_interfaces/srv'...
[0.697s] -- Up-to-date: /home/lizi/chapt4/chapt4_ws/install/chapt4_interfaces/local/lib/python3.10/dist-packages/chapt4_interfaces/chapt4_interfaces_s__rosidl_typesupport_fastrtps_c.cpython-310-x86_64-linux-gnu.so
[0.700s] -- Up-to-date: /home/lizi/chapt4/chapt4_ws/install/chapt4_interfaces/local/lib/python3.10/dist-packages/chapt4_interfaces/chapt4_interfaces_s__rosidl_typesupport_introspection_c.cpython-310-x86_64-linux-gnu.so
[0.700s] -- Up-to-date: /home/lizi/chapt4/chapt4_ws/install/chapt4_interfaces/local/lib/python3.10/dist-packages/chapt4_interfaces/chapt4_interfaces_s__rosidl_typesupport_c.cpython-310-x86_64-linux-gnu.so
[0.701s] -- Up-to-date: /home/lizi/chapt4/chapt4_ws/install/chapt4_interfaces/lib/libchapt4_interfaces__rosidl_generator_py.so
[0.701s] -- Up-to-date: /home/lizi/chapt4/chapt4_ws/install/chapt4_interfaces/share/chapt4_interfaces/srv/FaceDetector.idl
[0.701s] -- Up-to-date: /home/lizi/chapt4/chapt4_ws/install/chapt4_interfaces/share/chapt4_interfaces/srv/FaceDetector.srv
[0.701s] -- Up-to-date: /home/lizi/chapt4/chapt4_ws/install/chapt4_interfaces/share/chapt4_interfaces/srv/FaceDetector_Request.msg
[0.701s] -- Up-to-date: /home/lizi/chapt4/chapt4_ws/install/chapt4_interfaces/share/chapt4_interfaces/srv/FaceDetector_Response.msg
[0.701s] -- Up-to-date: /home/lizi/chapt4/chapt4_ws/install/chapt4_interfaces/share/ament_index/resource_index/package_run_dependencies/chapt4_interfaces
[0.701s] -- Up-to-date: /home/lizi/chapt4/chapt4_ws/install/chapt4_interfaces/share/ament_index/resource_index/parent_prefix_path/chapt4_interfaces
[0.701s] -- Up-to-date: /home/lizi/chapt4/chapt4_ws/install/chapt4_interfaces/share/chapt4_interfaces/environment/ament_prefix_path.sh
[0.701s] -- Up-to-date: /home/lizi/chapt4/chapt4_ws/install/chapt4_interfaces/share/chapt4_interfaces/environment/ament_prefix_path.dsv
[0.702s] -- Up-to-date: /home/lizi/chapt4/chapt4_ws/install/chapt4_interfaces/share/chapt4_interfaces/environment/path.sh
[0.702s] -- Up-to-date: /home/lizi/chapt4/chapt4_ws/install/chapt4_interfaces/share/chapt4_interfaces/environment/path.dsv
[0.702s] -- Up-to-date: /home/lizi/chapt4/chapt4_ws/install/chapt4_interfaces/share/chapt4_interfaces/local_setup.bash
[0.703s] -- Up-to-date: /home/lizi/chapt4/chapt4_ws/install/chapt4_interfaces/share/chapt4_interfaces/local_setup.sh
[0.703s] -- Up-to-date: /home/lizi/chapt4/chapt4_ws/install/chapt4_interfaces/share/chapt4_interfaces/local_setup.zsh
[0.703s] -- Up-to-date: /home/lizi/chapt4/chapt4_ws/install/chapt4_interfaces/share/chapt4_interfaces/local_setup.dsv
[0.703s] -- Installing: /home/lizi/chapt4/chapt4_ws/install/chapt4_interfaces/share/chapt4_interfaces/package.dsv
[0.703s] -- Up-to-date: /home/lizi/chapt4/chapt4_ws/install/chapt4_interfaces/share/ament_index/resource_index/packages/chapt4_interfaces
[0.704s] -- Up-to-date: /home/lizi/chapt4/chapt4_ws/install/chapt4_interfaces/share/chapt4_interfaces/cmake/export_chapt4_interfaces__rosidl_generator_cExport.cmake
[0.704s] -- Up-to-date: /home/lizi/chapt4/chapt4_ws/install/chapt4_interfaces/share/chapt4_interfaces/cmake/export_chapt4_interfaces__rosidl_generator_cExport-noconfig.cmake
[0.712s] -- Up-to-date: /home/lizi/chapt4/chapt4_ws/install/chapt4_interfaces/share/chapt4_interfaces/cmake/export_chapt4_interfaces__rosidl_typesupport_fastrtps_cExport.cmake
[0.713s] -- Up-to-date: /home/lizi/chapt4/chapt4_ws/install/chapt4_interfaces/share/chapt4_interfaces/cmake/export_chapt4_interfaces__rosidl_typesupport_fastrtps_cExport-noconfig.cmake
[0.714s] -- Up-to-date: /home/lizi/chapt4/chapt4_ws/install/chapt4_interfaces/share/chapt4_interfaces/cmake/chapt4_interfaces__rosidl_typesupport_introspection_cExport.cmake
[0.714s] -- Up-to-date: /home/lizi/chapt4/chapt4_ws/install/chapt4_interfaces/share/chapt4_interfaces/cmake/chapt4_interfaces__rosidl_typesupport_introspection_cExport-noconfig.cmake
[0.714s] -- Up-to-date: /home/lizi/chapt4/chapt4_ws/install/chapt4_interfaces/share/chapt4_interfaces/cmake/chapt4_interfaces__rosidl_typesupport_cExport.cmake
[0.714s] -- Up-to-date: /home/lizi/chapt4/chapt4_ws/install/chapt4_interfaces/share/chapt4_interfaces/cmake/chapt4_interfaces__rosidl_typesupport_cExport-noconfig.cmake
[0.717s] -- Up-to-date: /home/lizi/chapt4/chapt4_ws/install/chapt4_interfaces/share/chapt4_interfaces/cmake/export_chapt4_interfaces__rosidl_generator_cppExport.cmake
[0.719s] -- Up-to-date: /home/lizi/chapt4/chapt4_ws/install/chapt4_interfaces/share/chapt4_interfaces/cmake/export_chapt4_interfaces__rosidl_typesupport_fastrtps_cppExport.cmake
[0.719s] -- Up-to-date: /home/lizi/chapt4/chapt4_ws/install/chapt4_interfaces/share/chapt4_interfaces/cmake/export_chapt4_interfaces__rosidl_typesupport_fastrtps_cppExport-noconfig.cmake
[0.723s] -- Up-to-date: /home/lizi/chapt4/chapt4_ws/install/chapt4_interfaces/share/chapt4_interfaces/cmake/chapt4_interfaces__rosidl_typesupport_introspection_cppExport.cmake
[0.723s] -- Up-to-date: /home/lizi/chapt4/chapt4_ws/install/chapt4_interfaces/share/chapt4_interfaces/cmake/chapt4_interfaces__rosidl_typesupport_introspection_cppExport-noconfig.cmake
[0.725s] -- Up-to-date: /home/lizi/chapt4/chapt4_ws/install/chapt4_interfaces/share/chapt4_interfaces/cmake/chapt4_interfaces__rosidl_typesupport_cppExport.cmake
[0.725s] -- Up-to-date: /home/lizi/chapt4/chapt4_ws/install/chapt4_interfaces/share/chapt4_interfaces/cmake/chapt4_interfaces__rosidl_typesupport_cppExport-noconfig.cmake
[0.728s] -- Up-to-date: /home/lizi/chapt4/chapt4_ws/install/chapt4_interfaces/share/chapt4_interfaces/cmake/export_chapt4_interfaces__rosidl_generator_pyExport.cmake
[0.728s] -- Up-to-date: /home/lizi/chapt4/chapt4_ws/install/chapt4_interfaces/share/chapt4_interfaces/cmake/export_chapt4_interfaces__rosidl_generator_pyExport-noconfig.cmake
[0.728s] -- Up-to-date: /home/lizi/chapt4/chapt4_ws/install/chapt4_interfaces/share/chapt4_interfaces/cmake/rosidl_cmake-extras.cmake
[0.728s] -- Up-to-date: /home/lizi/chapt4/chapt4_ws/install/chapt4_interfaces/share/chapt4_interfaces/cmake/ament_cmake_export_dependencies-extras.cmake
[0.728s] -- Up-to-date: /home/lizi/chapt4/chapt4_ws/install/chapt4_interfaces/share/chapt4_interfaces/cmake/ament_cmake_export_include_directories-extras.cmake
[0.728s] -- Up-to-date: /home/lizi/chapt4/chapt4_ws/install/chapt4_interfaces/share/chapt4_interfaces/cmake/ament_cmake_export_libraries-extras.cmake
[0.728s] -- Up-to-date: /home/lizi/chapt4/chapt4_ws/install/chapt4_interfaces/share/chapt4_interfaces/cmake/ament_cmake_export_targets-extras.cmake
[0.728s] -- Up-to-date: /home/lizi/chapt4/chapt4_ws/install/chapt4_interfaces/share/chapt4_interfaces/cmake/rosidl_cmake_export_typesupport_targets-extras.cmake
[0.729s] -- Up-to-date: /home/lizi/chapt4/chapt4_ws/install/chapt4_interfaces/share/chapt4_interfaces/cmake/rosidl_cmake_export_typesupport_libraries-extras.cmake
[0.729s] -- Up-to-date: /home/lizi/chapt4/chapt4_ws/install/chapt4_interfaces/share/chapt4_interfaces/cmake/chapt4_interfacesConfig.cmake
[0.729s] -- Up-to-date: /home/lizi/chapt4/chapt4_ws/install/chapt4_interfaces/share/chapt4_interfaces/cmake/chapt4_interfacesConfig-version.cmake
[0.729s] -- Up-to-date: /home/lizi/chapt4/chapt4_ws/install/chapt4_interfaces/share/chapt4_interfaces/package.xml
[0.732s] Invoked command in '/home/lizi/chapt4/chapt4_ws/build/chapt4_interfaces' returned '0': CMAKE_PREFIX_PATH=${CMAKE_PREFIX_PATH}:/home/lizi/chapt4/chapt4_ws/install/demo_python_service:/opt/ros/humble /usr/bin/cmake --install /home/lizi/chapt4/chapt4_ws/build/chapt4_interfaces
