[0.603s] Invoking command in '/home/lizi/chapt4/chapt4_ws/src/demo_python_service': AMENT_PREFIX_PATH=/home/lizi/chapt4/chapt4_ws/install/chapt4_interfaces:${AMENT_PREFIX_PATH} CMAKE_PREFIX_PATH=/home/lizi/chapt4/chapt4_ws/install/chapt4_interfaces LD_LIBRARY_PATH=/home/lizi/chapt4/chapt4_ws/install/chapt4_interfaces/lib:${LD_LIBRARY_PATH} PYTHONPATH=/home/lizi/chapt4/chapt4_ws/build/demo_python_service/prefix_override:/usr/lib/python3/dist-packages/colcon_core/task/python/colcon_distutils_commands:/home/lizi/chapt4/chapt4_ws/install/demo_python_service/lib/python3.10/site-packages:/home/lizi/chapt4/chapt4_ws/install/chapt4_interfaces/local/lib/python3.10/dist-packages:${PYTHONPATH} /usr/bin/python3 -W ignore:setup.py install is deprecated -W ignore:easy_install command is deprecated setup.py egg_info --egg-base ../../build/demo_python_service build --build-base /home/lizi/chapt4/chapt4_ws/build/demo_python_service/build install --record /home/lizi/chapt4/chapt4_ws/build/demo_python_service/install.log --single-version-externally-managed install_data
[0.790s] running egg_info
[0.791s] writing ../../build/demo_python_service/demo_python_service.egg-info/PKG-INFO
[0.791s] writing dependency_links to ../../build/demo_python_service/demo_python_service.egg-info/dependency_links.txt
[0.791s] writing entry points to ../../build/demo_python_service/demo_python_service.egg-info/entry_points.txt
[0.792s] writing requirements to ../../build/demo_python_service/demo_python_service.egg-info/requires.txt
[0.792s] writing top-level names to ../../build/demo_python_service/demo_python_service.egg-info/top_level.txt
[0.793s] reading manifest file '../../build/demo_python_service/demo_python_service.egg-info/SOURCES.txt'
[0.793s] adding license file 'LICENSE'
[0.794s] writing manifest file '../../build/demo_python_service/demo_python_service.egg-info/SOURCES.txt'
[0.794s] running build
[0.794s] running build_py
[0.794s] copying demo_python_service/learn_face_detect.py -> /home/lizi/chapt4/chapt4_ws/build/demo_python_service/build/lib/demo_python_service
[0.795s] running install
[0.795s] running install_lib
[0.795s] copying /home/lizi/chapt4/chapt4_ws/build/demo_python_service/build/lib/demo_python_service/learn_face_detect.py -> /home/lizi/chapt4/chapt4_ws/install/demo_python_service/lib/python3.10/site-packages/demo_python_service
[0.796s] byte-compiling /home/lizi/chapt4/chapt4_ws/install/demo_python_service/lib/python3.10/site-packages/demo_python_service/learn_face_detect.py to learn_face_detect.cpython-310.pyc
[0.796s] running install_data
[0.796s] running install_egg_info
[0.798s] removing '/home/lizi/chapt4/chapt4_ws/install/demo_python_service/lib/python3.10/site-packages/demo_python_service-0.0.0-py3.10.egg-info' (and everything under it)
[0.798s] Copying ../../build/demo_python_service/demo_python_service.egg-info to /home/lizi/chapt4/chapt4_ws/install/demo_python_service/lib/python3.10/site-packages/demo_python_service-0.0.0-py3.10.egg-info
[0.799s] running install_scripts
[0.836s] Installing learn_face_detect script to /home/lizi/chapt4/chapt4_ws/install/demo_python_service/lib/demo_python_service
[0.836s] writing list of installed files to '/home/lizi/chapt4/chapt4_ws/build/demo_python_service/install.log'
[0.856s] Invoked command in '/home/lizi/chapt4/chapt4_ws/src/demo_python_service' returned '0': AMENT_PREFIX_PATH=/home/lizi/chapt4/chapt4_ws/install/chapt4_interfaces:${AMENT_PREFIX_PATH} CMAKE_PREFIX_PATH=/home/lizi/chapt4/chapt4_ws/install/chapt4_interfaces LD_LIBRARY_PATH=/home/lizi/chapt4/chapt4_ws/install/chapt4_interfaces/lib:${LD_LIBRARY_PATH} PYTHONPATH=/home/lizi/chapt4/chapt4_ws/build/demo_python_service/prefix_override:/usr/lib/python3/dist-packages/colcon_core/task/python/colcon_distutils_commands:/home/lizi/chapt4/chapt4_ws/install/demo_python_service/lib/python3.10/site-packages:/home/lizi/chapt4/chapt4_ws/install/chapt4_interfaces/local/lib/python3.10/dist-packages:${PYTHONPATH} /usr/bin/python3 -W ignore:setup.py install is deprecated -W ignore:easy_install command is deprecated setup.py egg_info --egg-base ../../build/demo_python_service build --build-base /home/lizi/chapt4/chapt4_ws/build/demo_python_service/build install --record /home/lizi/chapt4/chapt4_ws/build/demo_python_service/install.log --single-version-externally-managed install_data
