[1.545s] Invoking command in '/home/lizi/chapt4/chapt4_ws/src/demo_python_service': AMENT_PREFIX_PATH=/home/lizi/chapt4/chapt4_ws/install/chapt4_interfaces:${AMENT_PREFIX_PATH} CMAKE_PREFIX_PATH=/home/lizi/chapt4/chapt4_ws/install/chapt4_interfaces LD_LIBRARY_PATH=/home/lizi/chapt4/chapt4_ws/install/chapt4_interfaces/lib:${LD_LIBRARY_PATH} PYTHONPATH=/home/lizi/chapt4/chapt4_ws/build/demo_python_service/prefix_override:/usr/lib/python3/dist-packages/colcon_core/task/python/colcon_distutils_commands:/home/lizi/chapt4/chapt4_ws/install/demo_python_service/lib/python3.10/site-packages:/home/lizi/chapt4/chapt4_ws/install/chapt4_interfaces/local/lib/python3.10/dist-packages:${PYTHONPATH} /usr/bin/python3 -W ignore:setup.py install is deprecated -W ignore:easy_install command is deprecated setup.py egg_info --egg-base ../../build/demo_python_service build --build-base /home/lizi/chapt4/chapt4_ws/build/demo_python_service/build install --record /home/lizi/chapt4/chapt4_ws/build/demo_python_service/install.log --single-version-externally-managed install_data
[1.872s] running egg_info
[1.872s] writing ../../build/demo_python_service/demo_python_service.egg-info/PKG-INFO
[1.872s] writing dependency_links to ../../build/demo_python_service/demo_python_service.egg-info/dependency_links.txt
[1.873s] writing entry points to ../../build/demo_python_service/demo_python_service.egg-info/entry_points.txt
[1.873s] writing requirements to ../../build/demo_python_service/demo_python_service.egg-info/requires.txt
[1.873s] writing top-level names to ../../build/demo_python_service/demo_python_service.egg-info/top_level.txt
[1.874s] reading manifest file '../../build/demo_python_service/demo_python_service.egg-info/SOURCES.txt'
[1.881s] adding license file 'LICENSE'
[1.882s] writing manifest file '../../build/demo_python_service/demo_python_service.egg-info/SOURCES.txt'
[1.882s] running build
[1.882s] running build_py
[1.882s] copying demo_python_service/face_detect_node.py -> /home/lizi/chapt4/chapt4_ws/build/demo_python_service/build/lib/demo_python_service
[1.882s] copying demo_python_service/face_detect_client_node.py -> /home/lizi/chapt4/chapt4_ws/build/demo_python_service/build/lib/demo_python_service
[1.882s] running install
[1.885s] running install_lib
[1.885s] copying /home/lizi/chapt4/chapt4_ws/build/demo_python_service/build/lib/demo_python_service/face_detect_node.py -> /home/lizi/chapt4/chapt4_ws/install/demo_python_service/lib/python3.10/site-packages/demo_python_service
[1.885s] copying /home/lizi/chapt4/chapt4_ws/build/demo_python_service/build/lib/demo_python_service/face_detect_client_node.py -> /home/lizi/chapt4/chapt4_ws/install/demo_python_service/lib/python3.10/site-packages/demo_python_service
[1.886s] byte-compiling /home/lizi/chapt4/chapt4_ws/install/demo_python_service/lib/python3.10/site-packages/demo_python_service/face_detect_node.py to face_detect_node.cpython-310.pyc
[1.889s] byte-compiling /home/lizi/chapt4/chapt4_ws/install/demo_python_service/lib/python3.10/site-packages/demo_python_service/face_detect_client_node.py to face_detect_client_node.cpython-310.pyc
[1.890s] running install_data
[1.890s] creating /home/lizi/chapt4/chapt4_ws/install/demo_python_service/share/demo_python_service/launch
[1.891s] copying launch/demo.launch.py -> /home/lizi/chapt4/chapt4_ws/install/demo_python_service/share/demo_python_service/launch
[1.891s] running install_egg_info
[1.893s] removing '/home/lizi/chapt4/chapt4_ws/install/demo_python_service/lib/python3.10/site-packages/demo_python_service-0.0.0-py3.10.egg-info' (and everything under it)
[1.896s] Copying ../../build/demo_python_service/demo_python_service.egg-info to /home/lizi/chapt4/chapt4_ws/install/demo_python_service/lib/python3.10/site-packages/demo_python_service-0.0.0-py3.10.egg-info
[1.902s] running install_scripts
[1.924s] Installing face_detect_client_node script to /home/lizi/chapt4/chapt4_ws/install/demo_python_service/lib/demo_python_service
[1.924s] Installing face_detect_node script to /home/lizi/chapt4/chapt4_ws/install/demo_python_service/lib/demo_python_service
[1.924s] Installing learn_face_detect script to /home/lizi/chapt4/chapt4_ws/install/demo_python_service/lib/demo_python_service
[1.925s] writing list of installed files to '/home/lizi/chapt4/chapt4_ws/build/demo_python_service/install.log'
[1.958s] Invoked command in '/home/lizi/chapt4/chapt4_ws/src/demo_python_service' returned '0': AMENT_PREFIX_PATH=/home/lizi/chapt4/chapt4_ws/install/chapt4_interfaces:${AMENT_PREFIX_PATH} CMAKE_PREFIX_PATH=/home/lizi/chapt4/chapt4_ws/install/chapt4_interfaces LD_LIBRARY_PATH=/home/lizi/chapt4/chapt4_ws/install/chapt4_interfaces/lib:${LD_LIBRARY_PATH} PYTHONPATH=/home/lizi/chapt4/chapt4_ws/build/demo_python_service/prefix_override:/usr/lib/python3/dist-packages/colcon_core/task/python/colcon_distutils_commands:/home/lizi/chapt4/chapt4_ws/install/demo_python_service/lib/python3.10/site-packages:/home/lizi/chapt4/chapt4_ws/install/chapt4_interfaces/local/lib/python3.10/dist-packages:${PYTHONPATH} /usr/bin/python3 -W ignore:setup.py install is deprecated -W ignore:easy_install command is deprecated setup.py egg_info --egg-base ../../build/demo_python_service build --build-base /home/lizi/chapt4/chapt4_ws/build/demo_python_service/build install --record /home/lizi/chapt4/chapt4_ws/build/demo_python_service/install.log --single-version-externally-managed install_data
