[0.730s] Invoking command in '/home/lizi/chapt4/chapt4_ws/src/demo_python_service': PYTHONPATH=/home/lizi/chapt4/chapt4_ws/build/demo_python_service/prefix_override:/usr/lib/python3/dist-packages/colcon_core/task/python/colcon_distutils_commands:/home/lizi/chapt4/chapt4_ws/install/demo_python_service/lib/python3.10/site-packages:${PYTHONPATH} /usr/bin/python3 -W ignore:setup.py install is deprecated -W ignore:easy_install command is deprecated setup.py egg_info --egg-base ../../build/demo_python_service build --build-base /home/lizi/chapt4/chapt4_ws/build/demo_python_service/build install --record /home/lizi/chapt4/chapt4_ws/build/demo_python_service/install.log --single-version-externally-managed install_data
[0.954s] running egg_info
[0.955s] writing ../../build/demo_python_service/demo_python_service.egg-info/PKG-INFO
[0.955s] writing dependency_links to ../../build/demo_python_service/demo_python_service.egg-info/dependency_links.txt
[0.955s] writing entry points to ../../build/demo_python_service/demo_python_service.egg-info/entry_points.txt
[0.955s] writing requirements to ../../build/demo_python_service/demo_python_service.egg-info/requires.txt
[0.955s] writing top-level names to ../../build/demo_python_service/demo_python_service.egg-info/top_level.txt
[0.957s] reading manifest file '../../build/demo_python_service/demo_python_service.egg-info/SOURCES.txt'
[0.958s] adding license file 'LICENSE'
[0.958s] writing manifest file '../../build/demo_python_service/demo_python_service.egg-info/SOURCES.txt'
[0.958s] running build
[0.958s] running build_py
[0.958s] copying demo_python_service/learn_face_detect.py -> /home/lizi/chapt4/chapt4_ws/build/demo_python_service/build/lib/demo_python_service
[0.958s] running install
[0.959s] running install_lib
[0.959s] copying /home/lizi/chapt4/chapt4_ws/build/demo_python_service/build/lib/demo_python_service/learn_face_detect.py -> /home/lizi/chapt4/chapt4_ws/install/demo_python_service/lib/python3.10/site-packages/demo_python_service
[0.960s] byte-compiling /home/lizi/chapt4/chapt4_ws/install/demo_python_service/lib/python3.10/site-packages/demo_python_service/learn_face_detect.py to learn_face_detect.cpython-310.pyc
[0.960s] running install_data
[0.961s] running install_egg_info
[0.962s] removing '/home/lizi/chapt4/chapt4_ws/install/demo_python_service/lib/python3.10/site-packages/demo_python_service-0.0.0-py3.10.egg-info' (and everything under it)
[0.963s] Copying ../../build/demo_python_service/demo_python_service.egg-info to /home/lizi/chapt4/chapt4_ws/install/demo_python_service/lib/python3.10/site-packages/demo_python_service-0.0.0-py3.10.egg-info
[0.964s] running install_scripts
[0.981s] Installing learn_face_detect script to /home/lizi/chapt4/chapt4_ws/install/demo_python_service/lib/demo_python_service
[0.981s] writing list of installed files to '/home/lizi/chapt4/chapt4_ws/build/demo_python_service/install.log'
[1.002s] Invoked command in '/home/lizi/chapt4/chapt4_ws/src/demo_python_service' returned '0': PYTHONPATH=/home/lizi/chapt4/chapt4_ws/build/demo_python_service/prefix_override:/usr/lib/python3/dist-packages/colcon_core/task/python/colcon_distutils_commands:/home/lizi/chapt4/chapt4_ws/install/demo_python_service/lib/python3.10/site-packages:${PYTHONPATH} /usr/bin/python3 -W ignore:setup.py install is deprecated -W ignore:easy_install command is deprecated setup.py egg_info --egg-base ../../build/demo_python_service build --build-base /home/lizi/chapt4/chapt4_ws/build/demo_python_service/build install --record /home/lizi/chapt4/chapt4_ws/build/demo_python_service/install.log --single-version-externally-managed install_data
